ClkOut_disabled: 0 0
Internal_Oscillator: 26781810 44
External_Oscillator_10k: 10000 50
External_Oscillator_1M: 1000000 50
External_Oscillator_50M: 50000000 50
External_Oscillator_10M_HVenabled_div0_HVCTRL: 55 0
External_Oscillator_10M_HVenabled_div0_HVCTRLB: 0 0
External_Oscillator_10M_HVenabled_div1_HVCTRL: 6305 0
External_Oscillator_10M_HVenabled_div1_HVCTRLB: 0 0
External_Oscillator_10M_HVenabled_div2_HVCTRL: 12520 0
External_Oscillator_10M_HVenabled_div2_HVCTRLB: 0 0
External_Oscillator_10M_HVenabled_div3_HVCTRL: 25025 0
External_Oscillator_10M_HVenabled_div3_HVCTRLB: 0 0
External_Oscillator_10M_HVdisabled_div0_HVCTRL: 0 0
External_Oscillator_10M_HVdisabled_div0_HVCTRLB: 1340275 0
External_Oscillator_10M_HVdisabled_div1_HVCTRL: 0 0
External_Oscillator_10M_HVdisabled_div1_HVCTRLB: 562095 0
External_Oscillator_10M_HVdisabled_div2_HVCTRL: 0 0
External_Oscillator_10M_HVdisabled_div2_HVCTRLB: 467795 1
External_Oscillator_10M_HVdisabled_div3_HVCTRL: 0 0
External_Oscillator_10M_HVdisabled_div3_HVCTRLB: 294060 1
