ClkOut_disabled: 0 0
Internal_Oscillator: 25642015 51
External_Oscillator_10k: 10000 50
External_Oscillator_1M: 1000000 50
External_Oscillator_50M: 50000000 50
External_Oscillator_10M_HVenabled_div0_HVCTRL: 23720900 21
External_Oscillator_10M_HVenabled_div0_HVCTRLB: 13749380 79
External_Oscillator_10M_HVenabled_div1_HVCTRL: 12109815 33
External_Oscillator_10M_HVenabled_div1_HVCTRLB: 8464640 38
External_Oscillator_10M_HVenabled_div2_HVCTRL: 11975620 30
External_Oscillator_10M_HVenabled_div2_HVCTRLB: 8462650 47
External_Oscillator_10M_HVenabled_div3_HVCTRL: 11891850 28
External_Oscillator_10M_HVenabled_div3_HVCTRLB: 8415100 54
External_Oscillator_10M_HVdisabled_div0_HVCTRL: 0 0
External_Oscillator_10M_HVdisabled_div0_HVCTRLB: 10000000 90
External_Oscillator_10M_HVdisabled_div1_HVCTRL: 0 0
External_Oscillator_10M_HVdisabled_div1_HVCTRLB: 0 0
External_Oscillator_10M_HVdisabled_div2_HVCTRL: 0 0
External_Oscillator_10M_HVdisabled_div2_HVCTRLB: 0 0
External_Oscillator_10M_HVdisabled_div3_HVCTRL: 0 0
External_Oscillator_10M_HVdisabled_div3_HVCTRLB: 0 0
