ClkOut_disabled: 26812065 50
Internal_Oscillator: 26811690 51
External_Oscillator_10k: 26811150 47
External_Oscillator_1M: 26812320 47
External_Oscillator_50M: 26807670 51
External_Oscillator_10M_HVenabled_div0_HVCTRL: 0 0
External_Oscillator_10M_HVenabled_div0_HVCTRLB: 11893510 55
External_Oscillator_10M_HVenabled_div1_HVCTRL: 0 0
External_Oscillator_10M_HVenabled_div1_HVCTRLB: 11895690 56
External_Oscillator_10M_HVenabled_div2_HVCTRL: 0 0
External_Oscillator_10M_HVenabled_div2_HVCTRLB: 11894625 45
External_Oscillator_10M_HVenabled_div3_HVCTRL: 0 0
External_Oscillator_10M_HVenabled_div3_HVCTRLB: 11897530 55
External_Oscillator_10M_HVdisabled_div0_HVCTRL: 0 0
External_Oscillator_10M_HVdisabled_div0_HVCTRLB: 11895100 52
External_Oscillator_10M_HVdisabled_div1_HVCTRL: 0 0
External_Oscillator_10M_HVdisabled_div1_HVCTRLB: 11897195 51
External_Oscillator_10M_HVdisabled_div2_HVCTRL: 0 0
External_Oscillator_10M_HVdisabled_div2_HVCTRLB: 11899500 58
External_Oscillator_10M_HVdisabled_div3_HVCTRL: 0 0
External_Oscillator_10M_HVdisabled_div3_HVCTRLB: 11894070 48
