Tue Oct  3 11:51:13 2017 [AMACREF1] SW Error 9000
Tue Oct  3 11:51:14 2017 [AMACREF1] SW Error 9000
Tue Oct  3 11:51:15 2017 [AMACREF1] SW Error 9000
Tue Oct  3 11:51:17 2017 [AMACREF1] SW Error 9000
Tue Oct  3 11:51:19 2017 [AMACREF1] SW Error 9000
Tue Oct  3 11:51:24 2017 [AMACREF1] SW Error 9000
Wed Oct  4 16:20:10 2017 [AMACREF1] Error 5011
Wed Oct  4 16:20:10 2017 [AMACREF1] Error 5021
Wed Oct  4 16:20:10 2017 [AMACREF1] Error 5023
Wed Oct  4 16:20:11 2017 [AMACREF1] Error 5031
Wed Oct  4 16:20:11 2017 [AMACREF1] Error 5033
Wed Oct  4 16:20:11 2017 [AMACREF1] Error 5041
Wed Oct  4 16:20:11 2017 [AMACREF1] Error 5043
Wed Oct  4 16:20:11 2017 [AMACREF1] Error 5059
Wed Oct  4 16:20:11 2017 [AMACREF1] Error 5079
Wed Oct  4 16:20:12 2017 [AMACREF1] Error 5052
Wed Oct  4 16:20:12 2017 [AMACREF1] Error 5060
Wed Oct  4 16:20:12 2017 [AMACREF1] Error 5080
Wed Oct  4 16:20:12 2017 [AMACREF1] Error 5053
Wed Oct  4 16:20:12 2017 [AMACREF1] Error 5061
Wed Oct  4 16:20:12 2017 [AMACREF1] Error 5081
Wed Oct  4 16:20:13 2017 [AMACREF1] Error 5054
Wed Oct  4 16:20:13 2017 [AMACREF1] Error 5062
Wed Oct  4 16:20:13 2017 [AMACREF1] Error 5082
Wed Oct  4 16:20:14 2017 [AMACREF1] Error 5100
Wed Oct  4 16:20:14 2017 [AMACREF1] Error 5108
Wed Oct  4 16:20:14 2017 [AMACREF1] Error 5101
Wed Oct  4 16:20:14 2017 [AMACREF1] Error 5109
Wed Oct  4 16:20:15 2017 [AMACREF1] Error 5102
Wed Oct  4 16:20:15 2017 [AMACREF1] Error 5110
Wed Oct  4 16:20:15 2017 [AMACREF1] Error 6006
Wed Oct  4 16:20:15 2017 [AMACREF1] Error 6014
Wed Oct  4 16:20:15 2017 [AMACREF1] Error 6016
Wed Oct  4 16:20:15 2017 [AMACREF1] Error 6018
Wed Oct  4 16:20:15 2017 [AMACREF1] Error 6027
Wed Oct  4 16:20:16 2017 [AMACREF1] Error 6035
Wed Oct  4 16:20:16 2017 [AMACREF1] Error 6036
Wed Oct  4 16:20:16 2017 [AMACREF1] Error 6047
Wed Oct  4 16:20:16 2017 [AMACREF1] Error 6057
Wed Oct  4 16:20:16 2017 [AMACREF1] Error 6058
Wed Oct  4 16:20:17 2017 [AMACREF1] Error 6015
Wed Oct  4 16:20:17 2017 [AMACREF1] Error 6023
Wed Oct  4 16:20:17 2017 [AMACREF1] Error 6029
Wed Oct  4 16:20:17 2017 [AMACREF1] Error 6029
Wed Oct  4 16:20:17 2017 [AMACREF1] Error 6034
Wed Oct  4 16:20:18 2017 [AMACREF1] Error 6040
Wed Oct  4 16:20:18 2017 [AMACREF1] Error 6041
Wed Oct  4 16:20:18 2017 [AMACREF1] Error 6051
Wed Oct  4 16:20:18 2017 [AMACREF1] Error 6058
Wed Oct  4 16:20:18 2017 [AMACREF1] Error 6059
Wed Oct  4 16:20:19 2017 [AMACREF1] Error 6006
Wed Oct  4 16:20:19 2017 [AMACREF1] Error 6011
Wed Oct  4 16:20:19 2017 [AMACREF1] Error 6014
Wed Oct  4 16:20:19 2017 [AMACREF1] Error 6016
Wed Oct  4 16:20:19 2017 [AMACREF1] Error 6018
Wed Oct  4 16:20:19 2017 [AMACREF1] Error 6027
Wed Oct  4 16:20:19 2017 [AMACREF1] Error 6035
Wed Oct  4 16:20:19 2017 [AMACREF1] Error 6036
Wed Oct  4 16:20:20 2017 [AMACREF1] Error 6047
Wed Oct  4 16:20:20 2017 [AMACREF1] Error 6057
Wed Oct  4 16:20:20 2017 [AMACREF1] Error 6058
Wed Oct  4 16:20:21 2017 [AMACREF1] Error 6006
Wed Oct  4 16:20:21 2017 [AMACREF1] Error 6011
Wed Oct  4 16:20:21 2017 [AMACREF1] Error 6014
Wed Oct  4 16:20:21 2017 [AMACREF1] Error 6016
Wed Oct  4 16:20:21 2017 [AMACREF1] Error 6018
Wed Oct  4 16:20:21 2017 [AMACREF1] Error 6027
Wed Oct  4 16:20:21 2017 [AMACREF1] Error 6035
Wed Oct  4 16:20:21 2017 [AMACREF1] Error 6036
Wed Oct  4 16:20:22 2017 [AMACREF1] Error 6047
Wed Oct  4 16:20:22 2017 [AMACREF1] Error 6057
Wed Oct  4 16:20:22 2017 [AMACREF1] Error 6058
Wed Oct  4 16:20:23 2017 [AMACREF1] Error 6015
Wed Oct  4 16:20:23 2017 [AMACREF1] Error 6020
Wed Oct  4 16:20:23 2017 [AMACREF1] Error 6023
Wed Oct  4 16:20:23 2017 [AMACREF1] Error 6029
Wed Oct  4 16:20:23 2017 [AMACREF1] Error 6029
Wed Oct  4 16:20:23 2017 [AMACREF1] Error 6034
Wed Oct  4 16:20:23 2017 [AMACREF1] Error 6040
Wed Oct  4 16:20:23 2017 [AMACREF1] Error 6041
Wed Oct  4 16:20:24 2017 [AMACREF1] Error 6051
Wed Oct  4 16:20:24 2017 [AMACREF1] Error 6058
Wed Oct  4 16:20:24 2017 [AMACREF1] Error 6059
Wed Oct  4 16:20:25 2017 [AMACREF1] Error 6015
Wed Oct  4 16:20:25 2017 [AMACREF1] Error 6020
Wed Oct  4 16:20:25 2017 [AMACREF1] Error 6023
Wed Oct  4 16:20:25 2017 [AMACREF1] Error 6029
Wed Oct  4 16:20:25 2017 [AMACREF1] Error 6029
Wed Oct  4 16:20:25 2017 [AMACREF1] Error 6034
Wed Oct  4 16:20:25 2017 [AMACREF1] SW Error 6040
Wed Oct  4 16:20:25 2017 [AMACREF1] Error 6040
Wed Oct  4 16:20:25 2017 [AMACREF1] Error 6041
Wed Oct  4 16:20:25 2017 [AMACREF1] Error 6051
Wed Oct  4 16:20:26 2017 [AMACREF1] Error 6058
Wed Oct  4 16:20:26 2017 [AMACREF1] Error 6059
Wed Oct  4 16:20:26 2017 [AMACREF1] Error 6006
Wed Oct  4 16:20:26 2017 [AMACREF1] Error 6011
Wed Oct  4 16:20:26 2017 [AMACREF1] Error 6014
Wed Oct  4 16:20:26 2017 [AMACREF1] Error 6016
Wed Oct  4 16:20:26 2017 [AMACREF1] Error 6018
Wed Oct  4 16:20:27 2017 [AMACREF1] Error 6027
Wed Oct  4 16:20:27 2017 [AMACREF1] SW Error 6035
Wed Oct  4 16:20:27 2017 [AMACREF1] Error 6035
Wed Oct  4 16:20:27 2017 [AMACREF1] Error 6036
Wed Oct  4 16:20:27 2017 [AMACREF1] Error 6047
Wed Oct  4 16:20:28 2017 [AMACREF1] Error 6057
Wed Oct  4 16:20:28 2017 [AMACREF1] Error 6058
Wed Oct  4 16:20:28 2017 [AMACREF1] Error 6006
Wed Oct  4 16:20:28 2017 [AMACREF1] Error 6011
Wed Oct  4 16:20:28 2017 [AMACREF1] Error 6014
Wed Oct  4 16:20:28 2017 [AMACREF1] Error 6016
Wed Oct  4 16:20:28 2017 [AMACREF1] Error 6018
Wed Oct  4 16:20:28 2017 [AMACREF1] Error 6027
Wed Oct  4 16:20:29 2017 [AMACREF1] SW Error 6035
Wed Oct  4 16:20:29 2017 [AMACREF1] Error 6035
Wed Oct  4 16:20:29 2017 [AMACREF1] Error 6036
Wed Oct  4 16:20:29 2017 [AMACREF1] Error 6047
Wed Oct  4 16:20:30 2017 [AMACREF1] Error 6057
Wed Oct  4 16:20:30 2017 [AMACREF1] Error 6058
Wed Oct  4 16:20:30 2017 [AMACREF1] Error 6011
Wed Oct  4 16:20:30 2017 [AMACREF1] Error 6014
Wed Oct  4 16:20:30 2017 [AMACREF1] Error 6016
Wed Oct  4 16:20:30 2017 [AMACREF1] Error 6018
Wed Oct  4 16:20:31 2017 [AMACREF1] SW Error 6035
Wed Oct  4 16:20:31 2017 [AMACREF1] Error 6035
Wed Oct  4 16:20:31 2017 [AMACREF1] Error 6036
Wed Oct  4 16:20:31 2017 [AMACREF1] Error 6047
Wed Oct  4 16:20:32 2017 [AMACREF1] Error 6057
Wed Oct  4 16:20:32 2017 [AMACREF1] Error 6058
Wed Oct  4 16:20:32 2017 [AMACREF1] Error 6020
Wed Oct  4 16:20:32 2017 [AMACREF1] Error 6023
Wed Oct  4 16:20:32 2017 [AMACREF1] Error 6029
Wed Oct  4 16:20:32 2017 [AMACREF1] Error 6029
Wed Oct  4 16:20:33 2017 [AMACREF1] SW Error 6040
Wed Oct  4 16:20:33 2017 [AMACREF1] Error 6040
Wed Oct  4 16:20:33 2017 [AMACREF1] Error 6041
Wed Oct  4 16:20:33 2017 [AMACREF1] SW Error 6049
Wed Oct  4 16:20:33 2017 [AMACREF1] Error 6051
Wed Oct  4 16:20:33 2017 [AMACREF1] SW Error 6058
Wed Oct  4 16:20:33 2017 [AMACREF1] Error 6058
Wed Oct  4 16:20:33 2017 [AMACREF1] Error 6059
Wed Oct  4 16:20:34 2017 [AMACREF1] Error 6011
Wed Oct  4 16:20:34 2017 [AMACREF1] Error 6014
Wed Oct  4 16:20:34 2017 [AMACREF1] Error 6016
Wed Oct  4 16:20:34 2017 [AMACREF1] Error 6018
Wed Oct  4 16:20:35 2017 [AMACREF1] SW Error 6035
Wed Oct  4 16:20:35 2017 [AMACREF1] Error 6035
Wed Oct  4 16:20:35 2017 [AMACREF1] Error 6036
Wed Oct  4 16:20:35 2017 [AMACREF1] Error 6047
Wed Oct  4 16:20:35 2017 [AMACREF1] Error 6057
Wed Oct  4 16:20:35 2017 [AMACREF1] Error 6058
Wed Oct  4 16:20:36 2017 [AMACREF1] Error 6011
Wed Oct  4 16:20:36 2017 [AMACREF1] Error 6014
Wed Oct  4 16:20:36 2017 [AMACREF1] Error 6016
Wed Oct  4 16:20:36 2017 [AMACREF1] Error 6018
Wed Oct  4 16:20:36 2017 [AMACREF1] Error 6035
Wed Oct  4 16:20:36 2017 [AMACREF1] Error 6036
Wed Oct  4 16:20:37 2017 [AMACREF1] Error 6047
Wed Oct  4 16:20:37 2017 [AMACREF1] Error 6057
Wed Oct  4 16:20:37 2017 [AMACREF1] Error 6058
Wed Oct  4 16:20:38 2017 [AMACREF1] Error 6020
Wed Oct  4 16:20:38 2017 [AMACREF1] Error 6023
Wed Oct  4 16:20:38 2017 [AMACREF1] Error 6029
Wed Oct  4 16:20:38 2017 [AMACREF1] Error 6029
Wed Oct  4 16:20:38 2017 [AMACREF1] SW Error 6040
Wed Oct  4 16:20:38 2017 [AMACREF1] Error 6040
Wed Oct  4 16:20:38 2017 [AMACREF1] Error 6041
Wed Oct  4 16:20:39 2017 [AMACREF1] Error 6051
Wed Oct  4 16:20:39 2017 [AMACREF1] Error 6058
Wed Oct  4 16:20:39 2017 [AMACREF1] Error 6059
Wed Oct  4 16:20:40 2017 [AMACREF1] Error 6020
Wed Oct  4 16:20:40 2017 [AMACREF1] Error 6023
Wed Oct  4 16:20:40 2017 [AMACREF1] Error 6029
Wed Oct  4 16:20:40 2017 [AMACREF1] Error 6029
Wed Oct  4 16:20:40 2017 [AMACREF1] SW Error 6040
Wed Oct  4 16:20:40 2017 [AMACREF1] Error 6040
Wed Oct  4 16:20:40 2017 [AMACREF1] Error 6041
Wed Oct  4 16:20:40 2017 [AMACREF1] SW Error 6049
Wed Oct  4 16:20:40 2017 [AMACREF1] Error 6051
Wed Oct  4 16:20:41 2017 [AMACREF1] Error 6058
Wed Oct  4 16:20:41 2017 [AMACREF1] Error 6059
Wed Oct  4 16:20:41 2017 [AMACREF1] Error 6011
Wed Oct  4 16:20:41 2017 [AMACREF1] Error 6014
Wed Oct  4 16:20:41 2017 [AMACREF1] Error 6016
Wed Oct  4 16:20:41 2017 [AMACREF1] Error 6018
Wed Oct  4 16:20:42 2017 [AMACREF1] SW Error 6035
Wed Oct  4 16:20:42 2017 [AMACREF1] Error 6035
Wed Oct  4 16:20:42 2017 [AMACREF1] Error 6036
Wed Oct  4 16:20:42 2017 [AMACREF1] Error 6047
Wed Oct  4 16:20:43 2017 [AMACREF1] Error 6057
Wed Oct  4 16:20:43 2017 [AMACREF1] Error 6058
Wed Oct  4 16:20:43 2017 [AMACREF1] Error 6011
Wed Oct  4 16:20:43 2017 [AMACREF1] Error 6014
Wed Oct  4 16:20:43 2017 [AMACREF1] Error 6016
Wed Oct  4 16:20:43 2017 [AMACREF1] Error 6018
Wed Oct  4 16:20:44 2017 [AMACREF1] Error 6035
Wed Oct  4 16:20:44 2017 [AMACREF1] Error 6036
Wed Oct  4 16:20:44 2017 [AMACREF1] Error 6047
Wed Oct  4 16:20:45 2017 [AMACREF1] Error 6057
Wed Oct  4 16:20:45 2017 [AMACREF1] Error 6058
Mon Oct 16 15:45:31 2017 [AMACREF1] Error 5011
Mon Oct 16 16:28:46 2017 [AMACREF1] Error 5011
Mon Oct 16 16:28:46 2017 [AMACREF1] Error 5013
Mon Oct 16 19:16:05 2017 [AMACREF1] Error 5011
Mon Oct 23 16:12:14 2017 [AMACREF1] SW Error 9000
Mon Oct 23 16:12:15 2017 [AMACREF1] SW Error 9000
Mon Oct 23 16:12:21 2017 [AMACREF1] SW Error 9000
Mon Oct 23 16:12:22 2017 [AMACREF1] SW Error 9000
Mon Oct 23 16:12:25 2017 [AMACREF1] SW Error 9000
