timestr I2C_SuccessRate
1321735 0.33
7628175 0.3
13980238 0.37
20320569 0.35
26673504 0.33
33046719 0.31
39297027 0.31
45518099 0.26
51817173 0.33
58204142 0.36
64441111 0.29
70690024 0.24
77151502 0.42
83621242 0.42
90049633 0.37
96354112 0.28
102636658 0.31
108902406 0.26
115220087 0.33
121609024 0.35
127897191 0.3
134318264 0.38
140586267 0.29
146885656 0.31
153192713 0.31
159523350 0.33
165829631 0.32
172220263 0.34
178615660 0.36
185080111 0.41
191488082 0.37
197786231 0.3
204002570 0.28
210407104 0.33
216794895 0.35
223042785 0.25
229391091 0.31
235708354 0.31
241929176 0.3
248158355 0.23
254393416 0.31
260828175 0.38
267233959 0.38
273658091 0.38
279924420 0.32
286267266 0.29
292558266 0.3
298917263 0.29
305101742 0.22
311441427 0.26
317782937 0.32
324168104 0.31
330426351 0.27
336683354 0.23
343070808 0.34
349335938 0.31
355787169 0.4
362038883 0.29
368414504 0.36
374736360 0.34
381099428 0.37
387400651 0.28
393661960 0.27
399998805 0.32
406387493 0.33
412668672 0.28
418983655 0.31
425436940 0.42
431826882 0.4
437970568 0.23
444445240 0.36
450765959 0.3
457067087 0.34
463545873 0.44
469845307 0.31
476133441 0.29
482475479 0.32
488831328 0.35
495196242 0.4
501499076 0.31
507842958 0.32
514200110 0.33
520589025 0.33
526964809 0.35
533257966 0.31
539600263 0.29
545880236 0.3
552081569 0.25
558323660 0.27
564674783 0.33
570975962 0.27
577412023 0.34
583665101 0.25
590112973 0.39
596419789 0.34
602663802 0.27
609059630 0.39
615419568 0.33
621634979 0.24
628006874 0.35
634307873 0.33
640603516 0.32
646913176 0.35
653187503 0.31
659558655 0.33
665870898 0.31
672141724 0.3
678529503 0.36
684875351 0.26
691140656 0.24
697510568 0.32
703868247 0.36
710212938 0.35
716441325 0.25
722810089 0.33
729083149 0.23
735340996 0.28
741778424 0.35
748091865 0.31
754527937 0.37
760881270 0.36
767185463 0.28
773555416 0.31
779903328 0.32
786165708 0.27
792474265 0.27
798975162 0.44
805155025 0.25
811555239 0.33
817936262 0.35
824253236 0.28
830444539 0.25
836689438 0.32
843145990 0.4
849570661 0.39
855743826 0.27
862120188 0.35
868441241 0.29
874748569 0.29
881097789 0.34
887426594 0.26
893732507 0.27
899929351 0.29
906099892 0.26
912334082 0.25
918536783 0.26
924767096 0.32
930873808 0.21
937272976 0.42
943561962 0.28
949881011 0.35
956182351 0.28
962464596 0.3
968801427 0.34
975061721 0.26
981455416 0.34
987602152 0.22
993971263 0.35
1000228351 0.28
1006564264 0.32
1012898024 0.33
1019114969 0.31
1025535437 0.4
1031767871 0.28
1038081984 0.33
1044447773 0.41
1050870267 0.37
1057176962 0.32
1063357655 0.29
1069677801 0.33
1076063806 0.37
1082228324 0.22
1088550025 0.34
1094715333 0.26
1101084091 0.33
1107409573 0.31
1113638417 0.25
1119802272 0.21
1126063307 0.3
1132500085 0.39
1138810176 0.29
1145094276 0.28
1151375260 0.24
1157601720 0.2
1163863012 0.29
1170194722 0.37
1176473808 0.33
1182764329 0.26
1189014488 0.33
1195327699 0.3
1201692481 0.29
1208080243 0.35
1214308651 0.3
1220622577 0.3
1226928698 0.3
1233226032 0.32
1239558730 0.33
1245924482 0.39
1252274714 0.33
1258641567 0.31
1264927259 0.37
1271180351 0.28
1277427351 0.27
1283808504 0.3
1290121571 0.35
1296372173 0.27
1302651432 0.31
1308977568 0.32
1315135104 0.19
1321373936 0.28
1327650221 0.31
1333963940 0.3
1340267656 0.36
1346555112 0.29
1352926685 0.37
1359192305 0.3
1365328565 0.24
1371697241 0.4
1378106653 0.38
1384450634 0.36
1390898500 0.41
1397126800 0.28
1403366377 0.25
1409729351 0.35
1416111476 0.37
1422507504 0.37
1428744446 0.37
1435122636 0.36
1441440662 0.31
1447748445 0.31
1454017447 0.28
1460291716 0.3
1466671566 0.32
1472913055 0.26
1479301869 0.33
1485621630 0.31
1492024351 0.37
1498333375 0.29
1504648189 0.35
1510907959 0.26
1517089415 0.24
1523382642 0.3
1529616096 0.28
1535928177 0.32
1542278034 0.3
1548531279 0.36
1554860959 0.36
1561168112 0.33
1567507151 0.33
1573920807 0.39
1580244504 0.34
1586550497 0.27
1592810827 0.26
1599228264 0.38
1605574116 0.31
1611912072 0.31
1618360045 0.39
1624597719 0.32
1630799319 0.31
1637166568 0.31
1643377479 0.27
1649632504 0.34
1655974374 0.37
1662313350 0.32
1668626352 0.32
1675030723 0.37
1681396634 0.35
1687665351 0.3
1694014260 0.36
1700246722 0.28
1706660726 0.38
1712992111 0.34
1719364328 0.38
1725581504 0.3
1731847633 0.31
1738121872 0.28
1744438416 0.27
1750777112 0.34
1757035506 0.32
1763472654 0.41
1769729633 0.27
1776027808 0.29
1782427049 0.38
1788714193 0.32
1795037112 0.29
1801313226 0.33
1807618186 0.33
1813931354 0.31
1820250640 0.34
1826566133 0.35
1832889960 0.31
1839211101 0.34
1845585910 0.33
1851880089 0.32
1858225874 0.34
1864405177 0.27
1870557664 0.24
1876926111 0.36
1883111713 0.23
1889366768 0.24
1895756724 0.36
1902059656 0.29
1908369026 0.34
1914777964 0.39
1921130631 0.31
1927414719 0.35
1933754503 0.32
1940080480 0.36
1946399480 0.3
1952719364 0.31
1959000024 0.3
1965252504 0.24
1971523477 0.3
1977810872 0.35
1984066299 0.35
1990280967 0.23
1996573964 0.31
2002774111 0.21
2009165649 0.34
2015504565 0.35
2021982568 0.38
2028400565 0.4
2034661965 0.25
2041062654 0.36
2047243077 0.21
2053345974 0.22
2059611216 0.28
2065920417 0.35
2072178662 0.33
2078360984 0.25
2084544176 0.24
2090786096 0.26
2097066719 0.27
2103359721 0.3
2109668782 0.35
2116013569 0.32
2122351572 0.35
2128520420 0.26
2134814589 0.28
2141122786 0.3
2147508956 0.37
2153861811 0.4
2160079041 0.26
2166416568 0.33
2172621981 0.27
2178815241 0.26
2185087583 0.31
2191531808 0.35
2197829112 0.3
2204125182 0.35
2210320330 0.28
2216546357 0.3
2222884870 0.35
2229214352 0.33
2235366872 0.23
2241547414 0.27
2247894267 0.28
2254183949 0.3
2260527874 0.36
2266759083 0.3
2273002569 0.31
2279299578 0.27
2285604959 0.33
2291859877 0.29
2298107352 0.27
2304383453 0.31
2310738654 0.36
2316942266 0.23
2323120504 0.3
2329447266 0.28
2335622962 0.21
2341880309 0.31
2348172720 0.28
2354469722 0.28
2360682945 0.31
2366983808 0.29
2373182662 0.26
2379419567 0.33
2385690783 0.27
2392001934 0.32
2398278959 0.32
2404537241 0.33
2410760502 0.25
2417025807 0.33
2423323418 0.32
2429540939 0.28
2435803959 0.28
2442039219 0.25
2448394282 0.37
2454686243 0.33
2461000421 0.31
2467304583 0.28
2473493525 0.24
2479903110 0.38
2486153504 0.26
2492429935 0.26
2498665351 0.26
2504969722 0.37
2511357759 0.33
2517769656 0.37
2524048793 0.31
2530306736 0.29
2536702416 0.35
2543049244 0.38
2549297117 0.27
2555537620 0.28
2561876960 0.37
2568179089 0.34
2574570782 0.36
2580838807 0.26
2587180936 0.31
2593257656 0.19
2599541179 0.28
2605921237 0.31
2612177244 0.3
2618356025 0.23
2624563783 0.31
2630921654 0.31
2637137025 0.26
2643357650 0.28
2649709420 0.34
2656002351 0.33
2662293635 0.35
2668570655 0.29
2674910024 0.35
2681228174 0.29
2687382958 0.24
2693729570 0.36
2699801417 0.2
2706204134 0.34
2712562872 0.3
2718748415 0.27
2725064115 0.31
2731253503 0.28
2737639722 0.35
2743974654 0.29
2750217879 0.31
2756528805 0.26
2762819960 0.25
2769195514 0.36
2775492474 0.32
2781752484 0.3
2788002723 0.28
2794427928 0.36
2800636263 0.28
2806965481 0.32
2813232724 0.28
2819613420 0.36
2825973179 0.33
2832187416 0.23
2838552351 0.28
2844820655 0.26
2851064876 0.25
2857247314 0.24
2863602417 0.32
2870102633 0.37
2876514786 0.35
2882799023 0.3
2889004354 0.17
2895211632 0.26
2901506629 0.3
2907814027 0.3
2914146265 0.32
2920465420 0.32
2926712934 0.27
2933070264 0.37
2939248830 0.27
2945486350 0.27
2951889416 0.41
2958279932 0.34
2964442721 0.29
2970721942 0.31
2976978262 0.3
2983287303 0.31
2989669502 0.28
2996026961 0.29
3002281503 0.29
3008534874 0.28
3014701264 0.27
3021068263 0.34
3027387260 0.32
3033704343 0.34
3039915567 0.24
3046250104 0.3
3052550722 0.32
3058751870 0.27
3065012959 0.27
3071324933 0.33
3077675111 0.32
3083905506 0.25
3090234352 0.3
3096497327 0.3
3102833482 0.32
3109031117 0.27
3115308178 0.27
3121592266 0.31
3127834266 0.28
3134023873 0.25
3140329963 0.31
3146654959 0.35
3152937265 0.32
3159297327 0.37
3165631198 0.26
3171955242 0.32
3178428504 0.44
3184627504 0.3
3191020425 0.36
3197364240 0.35
3203681719 0.37
3209879964 0.27
3216228808 0.37
3222398720 0.24
3228700875 0.28
3234887807 0.27
3241142720 0.27
3247343923 0.3
3253586243 0.32
3259903655 0.27
3266075990 0.27
3272325428 0.27
3278652510 0.31
3284926873 0.26
3291141023 0.25
3297497934 0.35
3303778351 0.28
3310108793 0.36
3316413788 0.31
3322644856 0.26
3328925023 0.27
3335213812 0.31
3341442414 0.27
3347675203 0.3
3354051780 0.39
3360328872 0.28
3366519104 0.26
3372917811 0.38
3379195288 0.33
3385666112 0.41
3391963236 0.35
3398252237 0.29
3404673660 0.39
3411028584 0.35
3417321567 0.26
3423594870 0.26
3429777509 0.25
3436123635 0.37
3442432471 0.33
3448751633 0.33
3455089263 0.29
3461445235 0.35
3467678962 0.33
3473938177 0.29
3480102273 0.23
3486463872 0.32
3492800782 0.35
3499187808 0.33
3505486656 0.28
3511800958 0.29
3518119960 0.34
3524502760 0.33
3530788990 0.29
3537105785 0.33
3543475659 0.33
3549674960 0.28
3555987143 0.28
3562268933 0.27
3568499355 0.28
3574864503 0.33
3581039894 0.27
3587314460 0.29
3593656351 0.33
3599957567 0.28
3606275325 0.32
3612715808 0.38
3619025672 0.33
3625337872 0.31
3631678800 0.36
3637922946 0.3
3644312570 0.4
3650598842 0.33
3656805364 0.28
3663090041 0.3
3669347112 0.28
3675786026 0.39
3682210261 0.42
3688476265 0.23
3694821263 0.32
3701133262 0.3
3707409263 0.26
3713684416 0.32
3719896355 0.29
3726331142 0.35
3732580634 0.27
3738847784 0.29
3745073330 0.27
3751386242 0.34
3757725111 0.3
3763894296 0.24
3770255732 0.34
3776457043 0.25
3782781771 0.36
3789197264 0.34
3795521099 0.32
3801711721 0.26
3808034960 0.26
3814300119 0.31
3820565366 0.32
3826810806 0.3
3833204560 0.36
3839485444 0.3
3845847503 0.29
3852224241 0.35
3858495504 0.31
3864948110 0.41
3871301180 0.34
3877642266 0.34
3884036667 0.38
3890331800 0.37
3896676725 0.29
3902995721 0.29
3909265960 0.26
3915647963 0.34
3921941783 0.28
3928313654 0.36
3934594185 0.26
3940924503 0.34
3947092271 0.22
3953419213 0.34
3959945836 0.38
3966135872 0.26
3972435936 0.3
3978728111 0.33
3984947589 0.28
3991193061 0.27
3997552417 0.3
4003927112 0.34
4010227173 0.3
4016559044 0.31
4022845351 0.27
4029146654 0.28
4035467969 0.36
4041784872 0.28
4048095415 0.34
4054213719 0.23
4060675178 0.45
4066917959 0.25
4073121457 0.27
4079448097 0.32
4085807091 0.35
4092014478 0.22
4098253808 0.26
4104624418 0.36
4110920418 0.3
4117213339 0.3
4123349365 0.23
4129544351 0.29
4135953719 0.4
4142234044 0.32
4148447960 0.26
4154770112 0.33
4161052114 0.29
4167445807 0.32
4173792482 0.35
4180125175 0.31
4186452264 0.28
4192804960 0.35
4199084114 0.3
4205410327 0.36
4211746447 0.31
4218069319 0.34
4224267504 0.24
4230494656 0.29
4236896113 0.35
4243177175 0.31
4249521633 0.32
4255789186 0.28
4262081294 0.28
4268330808 0.38
4274690791 0.3
4280912018 0.23
4287186112 0.25
4293399331 0.26
4299779090 0.34
4306112264 0.32
4312495960 0.34
4318945236 0.38
4325301352 0.34
4331559568 0.29
4337767618 0.33
4344189242 0.34
4350373757 0.19
4356746668 0.35
4363091872 0.32
4369398218 0.29
4375687633 0.36
4381986469 0.3
4388237503 0.29
4394478577 0.31
4400750655 0.27
4407020935 0.33
4413416567 0.35
4419636793 0.28
4425950961 0.35
4432196112 0.29
4438515353 0.3
4444804655 0.32
4451194351 0.37
4457493569 0.3
4463919023 0.35
4470195350 0.31
4476412602 0.27
4482598112 0.25
4488952937 0.38
4495164112 0.26
4501378583 0.3
4507736330 0.39
4513927871 0.31
4520268960 0.35
4526616274 0.34
4532987045 0.37
4539237325 0.3
4545489232 0.29
4551841808 0.3
4558034255 0.26
4564320655 0.31
4570637351 0.27
4576867633 0.31
4583205645 0.34
4589551655 0.34
4595718870 0.24
4601952268 0.3
4608286112 0.33
4614651959 0.34
4620979483 0.34
4627135414 0.27
4633583026 0.33
4639735416 0.24
4645898178 0.22
4652208557 0.3
4658445778 0.31
4664737216 0.33
4670969427 0.27
4677205564 0.35
4683573012 0.35
4689886114 0.33
4696130350 0.31
4702595112 0.41
4708804506 0.26
4715093720 0.33
4721375959 0.31
4727653031 0.32
4734035131 0.34
4740235800 0.27
4746477795 0.27
4752758174 0.31
4758968239 0.26
4765163350 0.29
4771454180 0.28
4777659712 0.28
4783992795 0.33
4790189932 0.31
4796372024 0.23
4802651243 0.3
4808847324 0.24
4815238719 0.39
4821595808 0.38
4827916872 0.32
4834044527 0.23
4840367292 0.36
4846823665 0.42
4853065570 0.25
4859429966 0.38
4865725880 0.33
4871951807 0.27
4878273112 0.29
4884522501 0.29
4890813708 0.34
4897167415 0.36
4903426989 0.27
4909774000 0.3
4916007263 0.26
4922405809 0.4
4928589504 0.22
4934906235 0.3
4941284871 0.36
4947733633 0.4
4953962328 0.25
4960279486 0.31
4966483724 0.22
4972841808 0.33
4979054110 0.27
4985159872 0.18
4991453693 0.32
4997743567 0.3
5004025235 0.26
5010225753 0.28
5016456721 0.25
5022830935 0.31
5029195265 0.26
5035385184 0.26
5041626352 0.3
5047872957 0.28
5054235961 0.29
5060468110 0.29
5066731686 0.32
5073020567 0.34
5079342417 0.32
5085649437 0.3
5091984937 0.34
5098219964 0.29
5104363639 0.22
5110751593 0.32
5117102480 0.33
5123394639 0.34
5129641879 0.32
5135861023 0.28
5142033255 0.17
5148280504 0.28
5154695236 0.32
5160938418 0.29
5167449960 0.42
5173749960 0.34
5180055112 0.32
5186209621 0.2
5192611263 0.41
5198855105 0.26
5205229363 0.32
5211543239 0.33
5217771191 0.26
5224087243 0.26
5230316720 0.21
5236657723 0.3
5242979566 0.33
5249217169 0.29
5255579332 0.32
5261925352 0.32
5268316000 0.32
5274638719 0.35
5280918796 0.34
5287159874 0.29
5293486887 0.31
5299715162 0.33
5305985329 0.3
5312297426 0.32
5318594783 0.37
5324936470 0.32
5331285504 0.31
5337706351 0.37
5344014327 0.31
5350348248 0.31
5356602939 0.29
5362925655 0.37
5369256659 0.36
5375442572 0.25
5381728721 0.25
5388089807 0.39
5394413175 0.34
5400796845 0.34
5407105241 0.32
5413466231 0.33
5419736352 0.3
5425886481 0.2
5432192352 0.32
5438511268 0.36
5444903629 0.35
5451270111 0.35
5457583964 0.3
5463852112 0.28
5470231328 0.34
5476572265 0.31
5482811962 0.32
5488989871 0.21
5495203430 0.29
5501478712 0.3
5507840307 0.34
5514184959 0.37
5520435465 0.28
5526632504 0.22
5532961575 0.29
5539222807 0.3
5545550720 0.31
5551955791 0.35
5558128351 0.27
5564535567 0.35
5570692266 0.26
5577061834 0.32
5583357180 0.35
5589585482 0.23
5596051243 0.4
5602312362 0.35
5608470899 0.22
5614835573 0.33
5621068861 0.26
5627368111 0.32
5633828049 0.35
5640066327 0.25
5646383242 0.31
5652658352 0.25
5658923568 0.3
5665230124 0.27
5671519270 0.3
5677834504 0.31
5683990418 0.22
5690265667 0.33
5696543689 0.34
5702803646 0.28
5709126719 0.29
5715413087 0.3
5721669175 0.29
5727967567 0.33
5734193830 0.29
5740526958 0.32
5746810959 0.27
5753017152 0.3
5759400808 0.39
5765739488 0.32
5772043550 0.28
5778208243 0.26
5784565115 0.34
5790844656 0.34
5797123037 0.26
5803421190 0.27
5809583112 0.22
5815927174 0.36
5822343024 0.36
5828586989 0.28
5834948427 0.31
5841126960 0.22
5847457264 0.29
5853683655 0.26
5859976658 0.29
5866352413 0.34
5872502808 0.24
5878585273 0.15
5884956203 0.32
5891233089 0.33
5897674655 0.38
5904118481 0.4
5910347037 0.28
5916672969 0.35
5922990965 0.37
5929288113 0.24
5935627507 0.37
5942072960 0.39
5948403258 0.34
5954510796 0.24
5960888938 0.37
5967169991 0.29
5973364026 0.25
5979662473 0.3
5985967417 0.31
5992288808 0.34
5998686812 0.36
6004990719 0.25
6011226808 0.27
6017604482 0.38
6024032490 0.34
6030280959 0.28
6036515351 0.27
6042852746 0.32
6049121809 0.28
6055445307 0.27
6061658350 0.29
6068082939 0.42
6074498481 0.33
6080840263 0.31
6087145266 0.27
6093350414 0.21
6099554959 0.3
6105852234 0.29
6112322223 0.4
6118698938 0.33
6124767818 0.19
6131062310 0.3
6137459656 0.35
6143849656 0.39
6150224566 0.36
6156586414 0.32
6162882498 0.28
6169248111 0.31
6175542023 0.35
6181813889 0.31
6188124023 0.34
6194458039 0.34
6200709567 0.25
6207000741 0.34
6213486257 0.42
6219693959 0.26
6225935176 0.26
6232277628 0.38
6238703217 0.37
6245015808 0.34
6251279722 0.32
6257650421 0.34
6263884492 0.26
6270189144 0.31
6276472720 0.28
6282755024 0.29
6288971056 0.28
6295112506 0.23
6301430668 0.35
6307817404 0.35
6313941932 0.29
6320252808 0.33
6326565112 0.32
6332876504 0.34
6339229809 0.33
6345667264 0.4
6352006872 0.31
6358263982 0.3
6364713492 0.41
6371097111 0.35
6377436872 0.26
6383751264 0.31
6390053418 0.36
6396285353 0.26
6402627176 0.32
6408944426 0.33
6415308510 0.36
6421584504 0.36
6427749651 0.27
6434163174 0.42
6440456016 0.32
6446840720 0.37
6453156873 0.34
6459491876 0.35
6465794808 0.32
6472066960 0.34
6478429570 0.35
6484691658 0.28
6490935635 0.28
6497159961 0.29
6503473719 0.33
6509745722 0.27
6516015110 0.28
6522239177 0.3
6528509116 0.28
6534820209 0.26
6540956793 0.26
6547271872 0.34
6553489264 0.31
6559623966 0.25
6565862503 0.3
6572229959 0.3
6578558025 0.31
6584799503 0.28
6591094256 0.26
6597486610 0.34
6603720811 0.26
6609971808 0.28
6616188327 0.28
6622491235 0.29
6628821646 0.32
6635127511 0.3
6641498024 0.34
6647880655 0.35
6654233430 0.34
6660445731 0.25
6666779858 0.35
6673049871 0.28
6679291870 0.28
6685472507 0.31
6691836025 0.31
6698068328 0.27
6704298565 0.32
6710599631 0.32
6717036350 0.35
6723234799 0.22
6729366668 0.23
6735628720 0.26
6742060838 0.36
6748346111 0.33
6754673110 0.36
6761026328 0.32
6767302777 0.29
6773729415 0.41
6780040579 0.29
6786361244 0.3
6792609839 0.3
6798806204 0.24
6804993087 0.27
6811169720 0.25
6817476504 0.31
6823677937 0.25
6829991719 0.3
6836422128 0.43
6842743667 0.31
6849218503 0.4
6855721479 0.45
6861977578 0.27
6868268110 0.26
6874643423 0.38
6880892504 0.26
6887165977 0.29
6893381116 0.26
6899729024 0.32
6906035017 0.29
6912342023 0.3
6918632806 0.35
6925079725 0.4
6931296263 0.29
6937735084 0.36
6944063688 0.3
6950283111 0.27
6956740504 0.41
6963044936 0.3
6969358727 0.3
6975646422 0.32
6981801967 0.22
6988120024 0.35
6994344570 0.29
7000649420 0.28
7006765959 0.21
7013006298 0.26
7019310769 0.36
7025508262 0.25
7031877261 0.32
7038254807 0.37
7044648564 0.34
7051007631 0.33
7057407569 0.37
7063773433 0.35
7069914023 0.25
7076162112 0.25
7082367351 0.26
7088628331 0.33
7095005101 0.28
7101168178 0.21
7107509330 0.31
7113830417 0.28
7120087587 0.33
7126402577 0.28
7132708724 0.31
7139001823 0.32
7145296959 0.29
7151703514 0.35
7158026507 0.28
7164188110 0.2
7170498339 0.34
7176849024 0.32
7183082442 0.29
7189203939 0.24
7195526782 0.34
7201926350 0.35
7208265264 0.32
7214498424 0.28
7220733903 0.3
7226982353 0.33
7233328025 0.34
7239621087 0.35
7246026791 0.35
7252423578 0.34
7258718419 0.33
7264992180 0.27
7271257735 0.31
7277582806 0.35
7283897937 0.34
7290125175 0.27
7296431351 0.35
7302703240 0.29
7309076504 0.28
7315217263 0.22
7321540504 0.33
7327836786 0.34
7334156959 0.29
7340524873 0.39
7346829111 0.26
7353137960 0.28
7359465351 0.32
7365846420 0.33
7372077960 0.29
7378337937 0.34
7384616023 0.29
7390913174 0.31
7397231963 0.32
7403572883 0.36
7409811428 0.3
7416088244 0.32
7422339960 0.26
7428433959 0.21
7434655338 0.3
7440967354 0.31
7447333329 0.32
7453656656 0.31
7459873913 0.24
7466112418 0.22
7472443418 0.28
7478784960 0.35
7485182329 0.38
7491657786 0.41
7497933112 0.26
7504277430 0.4
7510617483 0.39
7517073934 0.44
7523318103 0.34
7529628357 0.29
7535961787 0.35
7542251026 0.29
7548573254 0.29
7554892926 0.31
7561124503 0.25
7567405718 0.29
7573606273 0.27
7579886731 0.26
7586152569 0.31
7592414039 0.26
7598687088 0.31
7605090505 0.32
7611391558 0.29
7617734417 0.28
7623883807 0.25
7630157211 0.31
7636513808 0.36
7642782870 0.26
7649150807 0.28
7655541959 0.4
7661856085 0.3
7668020360 0.24
7674299415 0.24
7680563227 0.29
7686786585 0.25
7693155325 0.35
7699338613 0.22
7705728719 0.3
7712008077 0.34
7718415083 0.31
7724851938 0.4
7731178279 0.36
7737591116 0.37
7743855656 0.31
7750202721 0.36
7756395825 0.21
7762740718 0.3
7769051116 0.34
7775325416 0.26
7781730240 0.35
7788028263 0.32
7794343416 0.32
7800631503 0.29
7806804626 0.22
7813058718 0.27
7819323184 0.32
7825699957 0.35
7831941873 0.28
7838169427 0.33
7844482239 0.32
7850772163 0.27
7857066730 0.27
7863492411 0.33
7869783656 0.35
7876028023 0.3
7882345351 0.31
7888653504 0.34
7895072640 0.38
7901368649 0.31
7907791871 0.38
7914080264 0.32
7920264767 0.26
7926440797 0.3
7932678022 0.27
7939059654 0.35
7945366425 0.3
7951563902 0.26
7957958808 0.36
7964274040 0.3
7970564261 0.35
7976922068 0.31
7983181450 0.29
7989462351 0.28
7995765417 0.28
8002126632 0.31
8008431503 0.36
8014728783 0.27
8021040264 0.32
8027278886 0.28
8033692420 0.4
8040083719 0.34
8046320140 0.29
8052557807 0.28
8058853265 0.3
8065386182 0.43
8071712112 0.3
8078023656 0.34
8084217176 0.25
8090556179 0.26
8096818872 0.32
8103125036 0.3
8109530483 0.34
8115821838 0.29
8122093812 0.32
8128296634 0.28
8134713329 0.37
8140949815 0.26
8147221654 0.3
8153595325 0.33
8159924660 0.32
8166201720 0.28
8172637907 0.34
8179010633 0.35
8185309340 0.28
8191599769 0.29
8198024631 0.36
8204242960 0.22
8210647364 0.37
8217060812 0.36
8223352959 0.33
8229684824 0.33
8236080422 0.37
8242284112 0.25
8248660120 0.35
8254980671 0.26
8261244961 0.28
8267671776 0.41
8273994933 0.33
8280375806 0.35
8286751119 0.35
8292981266 0.3
8299386504 0.36
8305702666 0.32
8312012021 0.29
8318247175 0.3
8324556655 0.38
8330846573 0.31
8337298656 0.41
8343773808 0.43
8350144942 0.37
8356376087 0.29
8362768937 0.39
8369084105 0.3
8375406063 0.3
8381778022 0.35
8388115113 0.31
8394336333 0.24
8400548569 0.25
8406823656 0.31
8413095148 0.32
8419432808 0.31
8425785723 0.34
8432148881 0.38
8438490806 0.36
8444872961 0.32
8451354090 0.39
8457675351 0.28
8463960580 0.3
8470426196 0.45
8476780049 0.34
8483000111 0.29
8489329024 0.3
8495746724 0.41
8501914567 0.23
8508360504 0.36
8514602959 0.31
8520942959 0.32
8527276899 0.32
8533588422 0.35
8539893676 0.34
8546178656 0.29
8552526665 0.35
8558982479 0.37
8565332655 0.34
8571649113 0.27
8578214640 0.48
8584647959 0.37
8590812675 0.24
8597075783 0.27
8603343114 0.29
8609724937 0.4
8615942415 0.29
8622227367 0.24
8628406502 0.22
8634730792 0.26
8641015839 0.26
8647359654 0.4
8653724720 0.35
8660222287 0.46
8666503494 0.29
8672843266 0.32
8679252700 0.41
8685587481 0.36
8691907504 0.34
8698281115 0.37
8704510427 0.23
8710845354 0.32
8717175242 0.34
8723452465 0.28
8729754719 0.33
8736000872 0.32
8742247087 0.28
8748588960 0.29
8754926263 0.35
8761327960 0.38
8767610520 0.31
8773952241 0.34
8780232656 0.3
8786538914 0.32
8792980872 0.41
8799337656 0.36
8805729873 0.38
8812053655 0.34
8818399794 0.33
8824645989 0.3
8830923242 0.3
8837332850 0.34
8843591414 0.29
8849904810 0.32
8856161187 0.29
8862588960 0.36
8868941807 0.34
8875290807 0.33
8881566718 0.31
8887958351 0.33
8894245264 0.3
8900464503 0.23
8907038946 0.44
8913242730 0.31
8919521023 0.26
8925794721 0.37
8932010276 0.25
8938318326 0.34
8944475972 0.23
8950876026 0.32
8957263655 0.42
8963544113 0.35
8969859317 0.33
8976125468 0.3
8982460267 0.33
8988688960 0.29
8995196808 0.37
9001477726 0.34
9007712853 0.28
9013913504 0.22
9020075660 0.24
9026358245 0.28
9032696352 0.32
9038907960 0.3
9045299322 0.35
9051680321 0.36
9058092566 0.37
9064385413 0.32
9070611808 0.26
9076914937 0.3
9083360806 0.42
9089653028 0.3
9096043982 0.35
9102413025 0.35
9108717807 0.33
9115101688 0.35
9121496353 0.33
9127798504 0.29
9134085936 0.29
9140335656 0.27
9146757242 0.35
9153173784 0.36
9159452722 0.29
9165866568 0.39
9172286662 0.38
9178608330 0.34
9184883629 0.3
9191200807 0.32
9197617656 0.35
9203976655 0.37
9210315653 0.28
9216714327 0.37
9223079514 0.37
9229384655 0.34
9235731345 0.35
9241994354 0.32
9248392939 0.34
9254576031 0.24
9260887023 0.34
9267258871 0.37
9273619807 0.35
9279883055 0.31
9286051352 0.23
9292316417 0.29
9298482436 0.24
9304885658 0.36
9311245723 0.37
9317675483 0.39
9323992519 0.31
9330291329 0.32
9336512654 0.27
9342955110 0.37
9349204936 0.31
9355654482 0.41
9362125032 0.4
9368459201 0.37
9374724634 0.3
9381055503 0.35
9387350241 0.32
9393564787 0.28
9399856657 0.32
9406177570 0.33
9412451960 0.28
9418851960 0.41
9425313674 0.41
9431559715 0.29
9437949567 0.37
9444243661 0.28
9450667810 0.34
9457113562 0.39
9463493172 0.39
9469870091 0.35
9476229872 0.36
9482628263 0.39
9488910328 0.29
9495255568 0.32
9501669175 0.36
9507849632 0.23
9514305318 0.4
9520471787 0.27
9526777023 0.31
9533140720 0.37
9539587176 0.41
9545899276 0.32
9552167424 0.33
9558488327 0.34
9564836354 0.35
9571250020 0.39
9577713794 0.46
9584006022 0.3
9590332871 0.32
9596645114 0.28
9602957950 0.33
9609259807 0.32
9615596053 0.36
9621844954 0.32
9628187120 0.33
9634497113 0.33
9640693111 0.28
9647022808 0.31
9653338633 0.3
9659788481 0.42
9666108416 0.34
9672445041 0.33
9678741135 0.33
9685062483 0.3
9691334246 0.28
9697679267 0.32
9703894576 0.29
9710272269 0.34
9716615123 0.33
9722887253 0.3
9729266749 0.32
9735562967 0.35
9742043785 0.41
9748403631 0.34
9754756656 0.36
9761049262 0.3
9767149806 0.14
9773537873 0.34
9779840083 0.32
9786159176 0.28
9792364504 0.26
9798778478 0.4
9805049820 0.31
9811374582 0.32
9817558415 0.27
9823857574 0.34
9830143660 0.28
9836514633 0.35
9842698959 0.28
9849004020 0.37
9855271063 0.29
9861594338 0.35
9867894524 0.33
9874091330 0.28
9880418743 0.33
9886733503 0.31
9892945879 0.28
9899293656 0.28
9905647504 0.35
9911849871 0.28
9918169960 0.31
9924524951 0.33
9930839089 0.32
9937041122 0.24
9943330263 0.32
9949827351 0.42
9956159655 0.36
9962507682 0.36
9968837807 0.34
9975186869 0.31
9981576640 0.34
9987929806 0.37
9994349657 0.34
10000505492 0.25
10006843419 0.31
10013264328 0.4
10019460112 0.29
10025799022 0.3
10032140871 0.38
10038490713 0.38
10044830783 0.3
10051143959 0.32
10057435960 0.37
10063700241 0.32
10070023504 0.31
10076431026 0.34
10082795921 0.34
10089177871 0.33
10095589960 0.36
10101911204 0.32
10108314776 0.37
10114689991 0.38
10120993116 0.32
10127372676 0.34
10133656942 0.29
10139821820 0.3
10146102872 0.31
10152544807 0.37
10158946777 0.36
10165222174 0.28
10171696873 0.38
10178012805 0.33
10184358723 0.3
10190775253 0.33
10197141240 0.36
10203556351 0.38
10209790869 0.31
10216123345 0.3
10222535178 0.37
10228745741 0.26
10235085781 0.28
10241478087 0.36
10247806417 0.33
10254064787 0.28
10260417174 0.32
10266732634 0.32
10273028719 0.29
10279313656 0.28
10285522935 0.25
10291812429 0.28
10298255800 0.37
10304559722 0.36
10310875339 0.41
10317126656 0.31
10323446872 0.35
10329678183 0.23
10335947176 0.3
10342360041 0.4
10348724654 0.33
10355074565 0.28
10361490416 0.39
10367789111 0.33
10374037717 0.28
10380511356 0.39
10386809961 0.34
10393049270 0.32
10399364506 0.32
10405654111 0.34
10411983967 0.35
10418196503 0.26
10424502417 0.3
10430778568 0.28
10437044424 0.25
10443359655 0.35
10449772267 0.38
10456077417 0.32
10462398656 0.31
10468655024 0.29
10474973943 0.34
10481273659 0.33
10487478426 0.27
10493723248 0.25
10499953569 0.28
10506315417 0.35
10512617709 0.33
10518999808 0.38
10525256734 0.28
10531529824 0.27
10537790111 0.3
10544167632 0.32
10550420960 0.28
10556721334 0.32
10562938411 0.27
10569364040 0.4
10575738502 0.34
10582123267 0.34
10588392341 0.28
10594764112 0.36
10601197808 0.37
10607531871 0.29
10613855958 0.33
10620141111 0.32
10626423279 0.29
10632680638 0.28
10638917243 0.33
10645184417 0.3
10651503416 0.37
10657733873 0.29
10664126569 0.39
10670431802 0.31
10676611152 0.18
10682973172 0.36
10689370654 0.38
10695649643 0.27
10702012263 0.36
10708397352 0.34
10714727317 0.36
10721084719 0.33
10727289481 0.24
10733605656 0.34
10739844935 0.25
10746120135 0.26
10752482023 0.38
10758847845 0.37
10765230804 0.4
10771631241 0.34
10777930240 0.28
10784141809 0.25
10790533654 0.37
10796977658 0.4
10803219958 0.28
10809534330 0.28
10815870430 0.35
10822273874 0.34
10828489987 0.28
10834825618 0.33
10841151240 0.34
10847416354 0.29
10853653939 0.33
10859973718 0.35
10866311937 0.34
10872574656 0.28
10878858569 0.32
10885308879 0.41
10891618704 0.33
10897900264 0.33
10904151732 0.22
10910432776 0.29
10916873024 0.44
10923196958 0.28
10929642815 0.39
10935874800 0.28
10942177960 0.34
10948511262 0.34
10954970172 0.42
10961349948 0.38
10967654504 0.35
10973907807 0.31
10980291503 0.34
10986651565 0.33
10992881173 0.27
10999091264 0.27
11005409809 0.31
11011903266 0.4
11018220624 0.32
11024511163 0.26
11030792568 0.26
11037271127 0.42
11043620959 0.33
11050208504 0.45
11056583480 0.36
11062992503 0.34
11069364570 0.34
11075741638 0.35
11082047634 0.28
11088284112 0.28
11094748656 0.4
11101138513 0.37
11107352112 0.35
11113743655 0.33
11120182637 0.42
11126521959 0.34
11132908022 0.34
11139232839 0.35
11145474111 0.27
11151902807 0.39
11158042494 0.25
11164443337 0.4
11170701631 0.28
11176991024 0.33
11183302179 0.29
11189672001 0.38
11195980570 0.34
11202256482 0.3
11208606362 0.36
11214967415 0.35
11221352417 0.37
11227723911 0.38
11234161721 0.4
11240470884 0.28
11246912587 0.37
11253152812 0.33
11259578178 0.38
11265970175 0.35
11272228875 0.29
11278586812 0.31
11284837504 0.3
11291302096 0.4
11297631790 0.35
11303971263 0.27
11310313049 0.29
11316642807 0.27
11322921117 0.3
11329271201 0.33
11335549514 0.31
11341750118 0.29
11348122103 0.36
11354405279 0.27
11360754970 0.32
11367033426 0.33
11373448252 0.32
11379896111 0.37
11386102808 0.22
11392346112 0.27
11398762873 0.38
11405033784 0.33
11411241265 0.29
11417490020 0.28
11423785807 0.27
11430179869 0.37
11436514721 0.29
11442820052 0.36
11449167183 0.36
11455517959 0.31
11461896178 0.33
11468281949 0.35
11474635959 0.34
11480782665 0.28
11487150504 0.39
11493661176 0.39
11500066418 0.39
11506488981 0.41
11512800481 0.29
11519046109 0.3
11525318722 0.27
11531620503 0.31
11537923567 0.35
11544150110 0.26
11550395721 0.27
11556663656 0.29
11563072613 0.38
11569344734 0.26
11575604940 0.27
11581872938 0.28
11588213710 0.3
11594376935 0.26
11600651111 0.29
11606924414 0.3
11613102656 0.24
11619437023 0.35
11625912896 0.37
11632317407 0.35
11638716633 0.38
11645171111 0.4
11651500140 0.29
11657885720 0.35
11664290090 0.36
11670575934 0.33
11676956112 0.37
11683313026 0.37
11689651076 0.32
11695915807 0.31
11702256240 0.36
11708533570 0.35
11714916806 0.32
11721238655 0.3
11727541996 0.33
11733826265 0.28
11740130967 0.3
11746421186 0.3
11752662733 0.26
11759063272 0.37
11765456263 0.32
11771821074 0.37
11778295772 0.37
11784610807 0.31
11791017567 0.39
11797287114 0.31
11803550729 0.28
11809756812 0.28
11816205481 0.35
11822647934 0.37
11828913218 0.27
11835168416 0.3
11841462568 0.31
11847679795 0.25
11854040719 0.34
11860282806 0.28
11866603090 0.3
11872882411 0.31
11879233113 0.32
11885669023 0.4
11891938240 0.38
11898297346 0.35
11904704632 0.35
11910967633 0.28
11917355480 0.37
11923643863 0.32
11929968960 0.32
11936301481 0.3
11942681655 0.38
11948937158 0.31
11955298134 0.33
11961779501 0.38
11968053807 0.31
11974213105 0.29
11980504112 0.28
11986874655 0.36
11993245664 0.35
11999587650 0.37
12005910100 0.3
12012168263 0.26
12018594104 0.33
12024808022 0.24
12031098264 0.33
12037364657 0.24
12043728723 0.34
12050107655 0.31
12056508655 0.35
12062894089 0.35
12069251872 0.33
12075574635 0.31
12081704264 0.22
12088088448 0.38
12094320632 0.32
12100766570 0.37
12107045943 0.29
12113273652 0.27
12119489187 0.29
12125828098 0.34
12132323250 0.41
12138713220 0.35
12145130188 0.36
12151440238 0.28
12157779656 0.37
12164068960 0.26
12170303370 0.32
12176639250 0.33
12182940458 0.3
12189218655 0.31
12195489935 0.33
12201749190 0.3
12208156654 0.38
12214406876 0.3
12220832351 0.39
12227212344 0.42
12233519315 0.34
12239776468 0.3
12246001472 0.31
12252315806 0.31
12258627812 0.32
12265072622 0.31
12271319970 0.26
12277760420 0.41
12284249090 0.39
12290622091 0.39
12296907157 0.3
12303268351 0.31
12309833723 0.48
12316166528 0.36
12322545568 0.32
12328742717 0.2
12335129507 0.36
12341560330 0.38
12347874963 0.3
12354285805 0.38
12360730871 0.45
12367055795 0.26
12373373653 0.35
12379667567 0.29
12386123031 0.35
12392490871 0.37
12398761700 0.34
12405053807 0.35
12411484239 0.42
12417712836 0.27
12424008282 0.31
12430288380 0.26
12436531133 0.29
12442848909 0.3
12449247569 0.4
12455449350 0.28
12461759243 0.35
12468088417 0.33
12474389502 0.3
12480795480 0.36
12487068585 0.28
12493469566 0.35
12499831478 0.38
12506347834 0.44
12512518169 0.22
12518815277 0.29
12525144467 0.33
12531454959 0.3
12537725269 0.3
12544013024 0.26
12550304233 0.27
12556658324 0.33
12563087337 0.4
12569406807 0.34
12575718644 0.34
12582111928 0.33
12588419785 0.25
12594714464 0.23
12600985721 0.37
12607211941 0.29
12613486871 0.27
12619733503 0.29
12626083575 0.31
12632504565 0.38
12638863110 0.33
12645118966 0.29
12651576874 0.44
12657844534 0.34
12664094024 0.23
12670428927 0.35
12676814515 0.29
12683101777 0.26
12689527504 0.42
12695896725 0.32
12702325337 0.38
12708635112 0.3
12714928351 0.31
12721311262 0.38
12727710987 0.39
12734038053 0.33
12740336034 0.32
12746597351 0.29
12752823807 0.28
12759163807 0.31
12765530096 0.33
12771850906 0.34
12778151655 0.31
12784433650 0.26
12790776109 0.36
12797137720 0.34
12803490140 0.35
12809698787 0.29
12815923503 0.29
12822319267 0.37
12828774808 0.38
12835100351 0.26
12841503122 0.39
12847649514 0.28
12853965782 0.31
12860305095 0.35
12866676699 0.31
12872970969 0.31
12879334631 0.38
12885704567 0.38
12892076416 0.36
12898337584 0.26
12904725870 0.34
12910994965 0.35
12917337634 0.33
12923666641 0.35
12930157272 0.46
12936415569 0.27
12942732171 0.3
12949063710 0.31
12955387719 0.32
12961669176 0.29
12967915655 0.25
12974391185 0.39
12980679091 0.31
12986993478 0.36
12993263704 0.26
12999539024 0.29
13005881847 0.4
13012182030 0.28
13018571111 0.37
13024913936 0.29
13031345513 0.4
13037660264 0.31
13044092077 0.32
13050456242 0.36
13056832194 0.38
13063224102 0.34
13069617112 0.37
13076052499 0.37
13082359648 0.31
13088655327 0.26
13095060570 0.36
13101517111 0.37
13107873264 0.29
13114291113 0.37
13120744633 0.46
13127067633 0.34
13133430705 0.37
13139707691 0.3
13146034418 0.31
13152483808 0.37
13158864238 0.37
13165162182 0.32
13171484632 0.34
13177808806 0.35
