ClkOut_disabled: 0 0
Internal_Oscillator: 26192290 51
External_Oscillator_10k: 10000 50
External_Oscillator_1M: 1000000 50
External_Oscillator_50M: 50000000 50
External_Oscillator_10M_HVenabled_div0_HVCTRL: 35141235 38
External_Oscillator_10M_HVenabled_div0_HVCTRLB: 0 0
External_Oscillator_10M_HVenabled_div1_HVCTRL: 17510145 33
External_Oscillator_10M_HVenabled_div1_HVCTRLB: 0 0
External_Oscillator_10M_HVenabled_div2_HVCTRL: 17483400 40
External_Oscillator_10M_HVenabled_div2_HVCTRLB: 0 0
External_Oscillator_10M_HVenabled_div3_HVCTRL: 17404040 0
External_Oscillator_10M_HVenabled_div3_HVCTRLB: 0 0
External_Oscillator_10M_HVdisabled_div0_HVCTRL: 0 0
External_Oscillator_10M_HVdisabled_div0_HVCTRLB: 35502910 47
External_Oscillator_10M_HVdisabled_div1_HVCTRL: 0 0
External_Oscillator_10M_HVdisabled_div1_HVCTRLB: 14539560 33
External_Oscillator_10M_HVdisabled_div2_HVCTRL: 0 0
External_Oscillator_10M_HVdisabled_div2_HVCTRLB: 15180640 25
External_Oscillator_10M_HVdisabled_div3_HVCTRL: 0 0
External_Oscillator_10M_HVdisabled_div3_HVCTRLB: 15234305 29
