ClkOut_disabled: 0 0
Internal_Oscillator: 25975215 50
External_Oscillator_10k: 10000 50
External_Oscillator_1M: 1000000 50
External_Oscillator_50M: 50000000 50
External_Oscillator_10M_HVenabled_div0_HVCTRL: 35688320 38
External_Oscillator_10M_HVenabled_div0_HVCTRLB: 0 0
External_Oscillator_10M_HVenabled_div1_HVCTRL: 17740795 45
External_Oscillator_10M_HVenabled_div1_HVCTRLB: 0 0
External_Oscillator_10M_HVenabled_div2_HVCTRL: 17693880 35
External_Oscillator_10M_HVenabled_div2_HVCTRLB: 0 0
External_Oscillator_10M_HVenabled_div3_HVCTRL: 17532945 34
External_Oscillator_10M_HVenabled_div3_HVCTRLB: 0 0
External_Oscillator_10M_HVdisabled_div0_HVCTRL: 0 0
External_Oscillator_10M_HVdisabled_div0_HVCTRLB: 36440940 33
External_Oscillator_10M_HVdisabled_div1_HVCTRL: 0 0
External_Oscillator_10M_HVdisabled_div1_HVCTRLB: 17211415 38
External_Oscillator_10M_HVdisabled_div2_HVCTRL: 0 0
External_Oscillator_10M_HVdisabled_div2_HVCTRLB: 17160670 31
External_Oscillator_10M_HVdisabled_div3_HVCTRL: 0 0
External_Oscillator_10M_HVdisabled_div3_HVCTRLB: 16977800 33
