ClkOut_disabled: 0 0
Internal_Oscillator: 27356260 51
External_Oscillator_10k: 10000 50
External_Oscillator_1M: 1000000 50
External_Oscillator_50M: 50000000 50
External_Oscillator_10M_HVenabled_div0_HVCTRL: 37699360 35
External_Oscillator_10M_HVenabled_div0_HVCTRLB: 0 0
External_Oscillator_10M_HVenabled_div1_HVCTRL: 18718635 38
External_Oscillator_10M_HVenabled_div1_HVCTRLB: 0 0
External_Oscillator_10M_HVenabled_div2_HVCTRL: 18652430 41
External_Oscillator_10M_HVenabled_div2_HVCTRLB: 0 0
External_Oscillator_10M_HVenabled_div3_HVCTRL: 18518465 32
External_Oscillator_10M_HVenabled_div3_HVCTRLB: 0 0
External_Oscillator_10M_HVdisabled_div0_HVCTRL: 0 0
External_Oscillator_10M_HVdisabled_div0_HVCTRLB: 38098235 30
External_Oscillator_10M_HVdisabled_div1_HVCTRL: 0 0
External_Oscillator_10M_HVdisabled_div1_HVCTRLB: 18332130 34
External_Oscillator_10M_HVdisabled_div2_HVCTRL: 0 0
External_Oscillator_10M_HVdisabled_div2_HVCTRLB: 18308495 45
External_Oscillator_10M_HVdisabled_div3_HVCTRL: 0 0
External_Oscillator_10M_HVdisabled_div3_HVCTRLB: 18141265 34
