ClkOut_disabled: 0 0
Internal_Oscillator: 27199785 47
External_Oscillator_10k: 10000 50
External_Oscillator_1M: 1000000 50
External_Oscillator_50M: 50000000 50
External_Oscillator_10M_HVenabled_div0_HVCTRL: 37338825 37
External_Oscillator_10M_HVenabled_div0_HVCTRLB: 0 0
External_Oscillator_10M_HVenabled_div1_HVCTRL: 18617170 35
External_Oscillator_10M_HVenabled_div1_HVCTRLB: 0 0
External_Oscillator_10M_HVenabled_div2_HVCTRL: 18597145 40
External_Oscillator_10M_HVenabled_div2_HVCTRLB: 0 0
External_Oscillator_10M_HVenabled_div3_HVCTRL: 18514545 34
External_Oscillator_10M_HVenabled_div3_HVCTRLB: 0 0
External_Oscillator_10M_HVdisabled_div0_HVCTRL: 0 0
External_Oscillator_10M_HVdisabled_div0_HVCTRLB: 38252545 38
External_Oscillator_10M_HVdisabled_div1_HVCTRL: 0 0
External_Oscillator_10M_HVdisabled_div1_HVCTRLB: 18747980 38
External_Oscillator_10M_HVdisabled_div2_HVCTRL: 0 0
External_Oscillator_10M_HVdisabled_div2_HVCTRLB: 18692680 37
External_Oscillator_10M_HVdisabled_div3_HVCTRL: 0 0
External_Oscillator_10M_HVdisabled_div3_HVCTRLB: 18593765 41
