time bgo rtch3gain ltch3gain rtrg ltrg rtog ltog hvfreq ch0la ch0lb ch1l ch2l ch3l ch4l ch5l ch6l ch0ra ch0rb ch1r ch2r ch3r ch4r ch5r ch6r
1528826770 0 0 1 3 3 0 0 1 67 398 523 524 39 460 696 47 410 773 227 219 421 268 718 96
1528826771 0 0 1 3 3 0 0 1 61 396 523 524 39 459 696 34 261 408 229 225 434 269 719 96
1528826772 0 0 1 3 3 0 0 1 58 393 523 524 39 458 696 33 405 405 230 230 446 269 719 96
1528826774 0 0 1 3 3 0 0 1 57 135 524 524 39 458 696 47 403 403 231 234 455 269 719 96
1528826775 0 0 1 3 3 0 0 1 56 389 524 524 39 457 697 40 401 773 231 238 462 269 719 96
1528826776 0 0 1 3 3 0 0 1 312 236 524 524 39 456 697 44 596 912 232 240 469 269 719 96
1528826777 0 0 1 3 3 0 0 1 55 130 524 524 39 456 696 38 399 399 233 243 473 269 719 96
1528826778 0 0 1 3 3 0 0 1 310 386 524 524 39 456 697 46 773 774 233 245 474 269 719 96
1528826779 0 0 1 3 3 0 0 1 54 384 524 524 39 456 696 37 396 396 234 248 476 269 719 96
1528826780 0 0 1 3 3 0 0 1 310 128 524 524 39 456 697 41 462 395 235 250 480 269 719 96
1528826782 0 0 1 3 3 0 0 1 310 365 524 524 39 455 697 33 262 774 236 251 485 269 719 96
1528826783 0 0 1 3 3 0 0 1 54 382 524 524 39 456 697 43 262 774 236 253 487 269 720 96
1528826784 0 0 1 3 3 0 0 1 53 381 523 525 39 455 697 36 262 774 236 254 489 269 720 96
1528826785 0 0 1 3 3 0 0 1 54 380 524 524 39 454 697 44 262 774 237 256 495 269 719 96
1528826786 0 0 1 3 3 0 0 1 54 380 524 525 39 455 697 40 262 774 237 257 490 269 719 96
1528826787 0 0 1 3 3 0 0 1 53 379 524 525 39 455 697 42 262 774 237 258 495 269 719 96
1528826788 0 0 1 3 3 0 0 1 309 274 523 525 39 455 697 36 699 902 238 259 503 269 720 96
1528826790 0 0 1 3 3 0 0 1 53 372 524 525 39 455 697 41 689 902 238 260 503 269 719 96
1528826791 0 0 1 3 3 0 0 1 54 122 524 525 39 454 697 37 463 389 239 261 500 269 719 97
1528826792 0 0 1 3 3 0 0 1 53 121 524 525 39 454 697 39 389 389 238 262 509 269 720 96
1528826793 0 0 1 3 3 0 0 1 54 377 525 524 39 454 697 39 389 389 239 262 508 269 720 97
1528826794 0 0 1 3 3 0 0 1 310 377 524 525 39 454 697 37 262 774 239 264 510 269 720 97
1528826795 0 0 1 3 3 0 0 1 310 354 524 524 39 453 697 45 262 774 239 264 506 269 720 97
1528826796 0 0 1 3 3 0 0 1 310 251 524 525 39 454 697 38 634 900 239 265 510 269 720 97
1528826798 0 0 1 3 3 0 0 1 54 129 524 525 39 453 697 38 587 899 240 266 509 269 720 96
1528826799 0 0 1 3 3 0 0 1 310 371 524 524 39 453 697 39 387 387 241 266 513 269 720 96
1528826800 0 0 1 3 3 0 0 1 54 375 524 525 39 454 697 36 262 387 240 266 512 269 720 97
1528826801 0 0 1 3 3 0 0 1 54 307 524 525 39 453 697 45 774 774 240 267 513 269 720 97
1528826802 0 0 1 3 3 0 0 1 311 178 524 525 39 453 697 36 525 386 241 268 518 269 720 97
1528826803 0 0 1 3 3 0 0 1 55 374 524 525 39 453 697 41 262 774 241 268 514 269 720 97
1528826804 0 0 1 3 3 0 0 1 55 374 523 525 39 453 698 38 503 386 241 268 519 269 720 97
1528826806 0 0 1 3 3 0 0 1 55 374 524 525 39 453 698 33 385 386 241 269 517 269 720 97
1528826807 0 0 1 3 3 0 0 1 55 373 524 525 39 453 697 36 774 774 241 269 516 269 720 97
1528826808 0 0 1 3 3 0 0 1 311 374 524 524 39 453 697 45 774 774 241 269 523 269 720 97
1528826809 0 0 1 3 3 0 0 1 55 373 524 525 39 453 697 37 385 385 242 270 519 269 720 97
1528826810 0 0 1 3 3 0 0 1 312 308 524 524 39 453 697 34 690 897 242 271 523 269 720 97
1528826811 0 0 1 3 3 0 0 1 56 373 524 525 39 452 697 36 262 385 241 271 521 269 720 97
1528826812 0 0 1 3 3 0 0 1 312 302 524 525 39 452 698 39 690 897 242 271 519 269 720 97
1528826814 0 0 1 3 3 0 0 1 56 117 524 525 39 452 698 34 385 384 241 271 524 269 720 97
1528826815 0 0 1 3 3 0 0 1 312 144 524 524 39 453 698 37 505 897 242 272 525 269 720 96
1528826816 0 0 1 3 3 0 0 1 56 373 524 525 39 453 698 35 262 774 242 272 520 269 720 97
1528826817 0 0 1 3 3 0 0 1 56 116 524 525 39 453 697 33 384 384 242 272 524 269 720 97
1528826818 0 0 1 3 3 0 0 1 312 117 524 525 39 453 698 36 446 384 242 272 523 269 720 97
1528826819 0 0 1 3 3 0 0 1 373 260 524 525 39 452 697 35 701 775 242 272 524 269 720 97
1528826820 0 0 1 3 3 0 0 1 57 372 524 525 39 453 698 37 262 774 242 273 528 269 720 97
1528826822 0 0 1 3 3 0 0 1 57 372 524 525 39 452 697 37 384 383 242 273 531 269 720 97
1528826823 0 0 1 3 3 0 0 1 57 111 524 525 39 453 698 36 587 895 243 273 530 269 720 97
1528826824 0 0 1 3 3 0 0 1 57 372 525 525 39 452 697 38 621 775 242 273 528 269 720 97
1528826825 0 0 1 3 3 0 0 1 57 371 524 525 39 453 698 39 384 775 243 274 528 269 720 97
1528826826 0 0 1 3 3 0 0 1 57 372 524 525 39 453 698 35 383 383 243 274 524 269 720 97
1528826827 0 0 1 3 3 0 0 1 313 116 524 525 39 452 698 35 422 383 243 274 530 269 720 97
1528826828 0 0 1 3 3 0 0 1 313 251 524 525 39 452 698 41 628 895 243 274 531 269 720 97
1528826830 0 0 1 3 3 0 0 1 57 371 524 525 39 453 698 35 383 775 243 274 528 269 720 97
1528826831 0 0 1 3 3 0 0 1 57 115 524 525 39 453 698 47 384 383 243 275 528 269 721 97
1528826832 0 0 1 3 3 0 0 1 314 170 524 525 39 453 698 36 432 383 243 274 532 269 720 97
1528826833 0 0 1 3 3 0 0 1 58 373 524 525 39 453 698 40 263 775 244 275 529 269 720 97
1528826834 0 0 1 3 3 0 0 1 58 371 524 525 39 453 698 37 383 383 243 275 529 269 720 97
1528826835 0 0 1 3 3 0 0 1 58 226 524 525 39 453 698 37 448 383 243 275 530 269 720 97
1528826836 0 0 1 3 3 0 0 1 58 371 524 525 40 452 698 35 263 775 243 275 534 269 720 97
1528826838 0 0 1 3 3 0 0 1 57 371 524 525 39 453 698 42 382 382 243 275 529 269 720 97
1528826839 0 0 1 3 3 0 0 1 58 145 524 525 39 453 698 40 382 383 243 275 534 269 720 97
1528826840 0 0 1 3 3 0 0 1 314 218 524 525 39 453 697 40 741 895 243 275 533 269 720 97
1528826841 0 0 1 3 3 0 0 1 58 371 524 525 39 453 698 35 263 775 243 276 532 269 720 97
1528826842 0 0 1 3 3 0 0 1 58 371 524 525 39 452 698 37 382 383 243 276 533 269 720 97
1528826843 0 0 1 3 3 0 0 1 58 114 525 525 39 453 697 35 383 382 243 276 535 269 720 97
1528826844 0 0 1 3 3 0 0 1 314 170 525 525 39 453 698 38 461 894 243 276 535 269 720 97
1528826846 0 0 1 3 3 0 0 1 58 370 525 525 39 452 698 41 733 894 244 276 538 269 720 97
1528826847 0 0 1 3 3 0 0 1 58 370 524 525 39 453 698 32 263 775 244 276 536 269 720 97
1528826848 0 0 1 3 3 0 0 1 58 371 524 525 39 452 698 34 382 775 244 276 530 269 720 97
1528826849 0 0 1 3 3 0 0 1 58 371 524 525 39 453 698 39 263 775 243 276 531 269 720 97
1528826850 0 0 1 3 3 0 0 1 58 115 524 525 39 453 698 37 382 382 243 276 534 269 720 97
1528826851 0 0 1 3 3 0 0 1 58 95 524 525 39 453 698 41 555 894 244 277 533 269 720 97
1528826852 0 0 1 3 3 0 0 1 58 371 524 525 39 452 698 48 774 775 244 277 533 269 720 97
1528826854 0 0 1 3 3 0 0 1 58 115 524 525 39 452 698 39 382 774 244 276 533 269 720 97
1528826855 0 0 1 3 3 0 0 1 58 88 524 525 39 452 698 39 406 382 244 276 535 269 720 97
1528826856 0 0 1 3 3 0 0 1 314 119 524 525 40 453 698 37 450 382 244 276 533 269 720 97
1528826857 0 0 1 3 3 0 0 1 314 250 525 525 39 453 698 47 659 894 244 276 536 269 720 97
1528826858 0 0 1 3 3 0 0 1 58 371 524 525 39 453 698 35 382 382 243 277 534 269 720 97
1528826859 0 0 1 3 3 0 0 1 58 114 525 525 39 453 698 43 382 382 244 276 533 269 720 97
1528826860 0 0 1 3 3 0 0 1 314 209 525 524 39 452 698 39 494 894 243 277 533 269 720 97
1528826862 0 0 1 3 3 0 0 1 58 370 525 525 39 453 698 39 263 774 244 277 532 269 720 97
1528826863 0 0 1 3 3 0 0 1 58 114 524 525 39 452 698 37 381 894 244 277 539 269 720 97
1528826864 0 0 1 3 3 0 0 1 370 230 525 524 39 452 698 49 571 894 243 277 539 269 720 97
1528826865 0 0 1 3 3 0 0 1 314 319 524 525 39 453 698 40 600 893 244 277 539 269 720 97
1528826866 0 0 1 3 3 0 0 1 314 370 525 525 39 452 698 35 472 894 244 277 537 269 720 97
1528826867 0 0 1 3 3 0 0 1 58 371 525 525 39 452 698 37 764 775 244 277 537 269 720 97
1528826868 0 0 1 3 3 0 0 1 58 370 525 525 39 452 698 38 775 775 244 277 538 269 720 97
1528826870 0 0 1 3 3 0 0 1 58 114 525 525 39 452 698 41 382 382 244 277 538 269 720 97
1528826871 0 0 1 3 3 0 0 1 58 114 524 525 39 452 698 36 381 382 244 277 533 269 720 97
1528826872 0 0 1 3 3 0 0 1 370 334 525 525 39 452 698 38 635 893 245 277 539 269 720 97
1528826873 0 0 1 3 3 0 0 1 58 369 525 525 39 452 698 39 740 775 244 277 540 269 720 97
1528826874 0 0 1 3 3 0 0 1 58 370 525 525 39 453 698 40 263 775 244 278 538 269 720 97
1528826875 0 0 1 3 3 0 0 1 58 114 525 525 39 452 698 38 382 381 244 277 535 269 720 97
1528826876 0 0 1 3 3 0 0 1 314 169 525 525 39 453 697 42 520 893 243 278 535 269 720 97
1528826878 0 0 1 3 3 0 0 1 58 370 525 525 39 452 698 42 263 775 244 278 537 269 721 97
1528826879 0 0 1 3 3 0 0 1 58 370 525 525 39 452 698 38 263 381 244 278 536 269 720 97
1528826880 0 0 1 3 3 0 0 1 58 114 524 525 39 452 698 41 381 382 244 278 534 269 720 97
1528826881 0 0 1 3 3 0 0 1 58 114 524 525 39 452 698 35 381 381 244 277 533 269 720 97
1528826882 0 0 1 3 3 0 0 1 314 137 525 525 39 453 697 34 381 382 244 278 538 269 720 97
1528826883 0 0 1 3 3 0 0 1 369 264 525 525 39 452 697 34 507 893 244 277 533 269 721 97
1528826884 0 0 1 3 3 0 0 1 58 322 525 525 39 452 698 38 706 774 244 278 541 269 720 97
1528826886 0 0 1 3 3 0 0 1 57 370 524 525 39 452 698 36 263 775 244 278 536 269 720 97
1528826887 0 0 1 3 3 0 0 1 57 369 525 525 39 452 698 43 263 775 244 278 532 269 720 97
1528826888 0 0 1 3 3 0 0 1 57 370 524 525 39 452 698 36 382 775 244 277 537 269 720 97
1528826889 0 0 1 3 3 0 0 1 57 114 525 525 39 452 698 32 381 382 244 278 535 269 720 97
1528826890 0 0 1 3 3 0 0 1 57 114 525 525 39 453 698 39 381 381 244 278 532 269 720 97
1528826891 0 0 1 3 3 0 0 1 57 120 525 525 39 452 698 41 525 893 244 278 536 269 720 97
1528826892 0 0 1 3 3 0 0 1 313 370 525 525 40 452 698 35 634 893 244 278 539 269 720 97
1528826893 0 0 1 3 3 0 0 1 57 369 525 525 39 452 698 42 263 775 244 278 538 270 720 97
1528826895 0 0 1 3 3 0 0 1 57 370 525 525 39 452 698 42 381 775 244 278 541 269 720 97
1528826896 0 0 1 3 3 0 0 1 57 370 525 525 39 452 698 37 775 775 244 278 538 269 720 97
1528826897 0 0 1 3 3 0 0 1 57 370 525 525 39 452 698 41 381 775 244 278 537 269 720 97
1528826898 0 0 1 3 3 0 0 1 57 369 524 525 39 452 698 37 381 775 245 278 536 269 720 97
1528826899 0 0 1 3 3 0 0 1 57 370 525 525 39 452 698 33 263 775 244 278 536 269 720 97
1528826900 0 0 1 3 3 0 0 1 57 113 525 525 39 452 698 43 263 381 245 278 535 269 720 97
1528826901 0 0 1 3 3 0 0 1 57 370 524 525 39 452 698 46 381 775 244 278 540 269 720 97
1528826903 0 0 1 3 3 0 0 1 57 114 525 525 39 452 698 39 381 775 244 278 541 269 721 97
1528826904 0 0 1 3 3 0 0 1 57 370 525 525 39 452 698 40 381 381 244 278 536 269 720 97
1528826905 0 0 1 3 3 0 0 1 57 114 525 525 39 453 698 40 381 381 244 278 542 269 720 97
1528826906 0 0 1 3 3 0 0 1 57 63 525 525 39 452 698 41 381 381 245 278 534 269 720 97
1528826907 0 0 1 3 3 0 0 1 57 370 525 525 39 452 698 40 381 775 244 278 542 269 720 97
1528826908 0 0 1 3 3 0 0 1 56 369 524 525 39 452 698 41 263 774 245 278 540 269 720 97
1528826910 0 0 1 3 3 0 0 1 56 370 525 525 39 452 698 35 381 775 245 278 543 269 720 97
1528826911 0 0 1 3 3 0 0 1 56 370 525 525 39 452 698 39 263 775 244 278 540 269 721 97
1528826912 0 0 1 3 3 0 0 1 56 369 525 525 39 452 698 38 381 775 245 278 540 269 720 97
1528826913 0 0 1 3 3 0 0 1 56 369 525 526 36 452 698 36 381 381 244 279 541 269 720 97
1528826914 0 0 1 3 3 0 0 1 56 113 525 525 39 452 698 42 381 381 245 278 538 269 720 97
1528826915 0 0 1 3 3 0 0 1 56 114 524 525 39 452 698 42 381 381 244 279 537 269 720 97
1528826916 0 0 1 3 3 0 0 1 56 92 525 525 39 452 698 37 407 381 244 278 542 269 720 97
1528826917 0 0 1 3 3 0 0 1 312 181 524 525 39 452 698 38 563 893 244 278 536 269 720 97
1528826919 0 0 1 3 3 0 0 1 56 370 525 525 39 452 698 37 760 893 245 278 542 269 720 97
1528826920 0 0 1 3 3 0 0 1 312 347 525 525 39 452 698 36 731 775 244 279 537 269 721 97
1528826921 0 0 1 3 3 0 0 1 56 370 525 525 39 452 698 40 263 775 244 278 544 269 720 97
1528826922 0 0 1 3 3 0 0 1 56 370 525 525 43 452 698 45 381 775 245 278 539 269 721 97
1528826923 0 0 1 3 3 0 0 1 56 369 524 525 39 452 698 35 775 775 245 279 540 269 720 97
1528826924 0 0 1 3 3 0 0 1 56 370 525 526 39 452 698 40 381 775 245 278 536 269 720 97
1528826925 0 0 1 3 3 0 0 1 55 370 524 525 39 452 698 39 381 381 244 279 542 269 721 97
1528826927 0 0 1 3 3 0 0 1 312 230 525 525 39 453 698 42 552 893 244 279 541 269 720 97
1528826928 0 0 1 3 3 0 0 1 311 101 525 525 39 452 698 38 393 893 245 279 537 269 720 97
1528826929 0 0 1 3 3 0 0 1 55 67 525 525 39 452 698 34 469 381 244 279 536 269 720 97
1528826930 0 0 1 3 3 0 0 1 369 369 524 525 39 452 698 39 263 775 244 279 538 269 721 97
1528826931 0 0 1 3 3 0 0 1 55 369 524 525 39 452 698 41 263 775 245 279 542 269 720 97
1528826932 0 0 1 3 3 0 0 1 55 114 525 525 39 452 698 40 381 775 245 279 543 269 720 97
1528826933 0 0 1 3 3 0 0 1 55 369 525 525 39 452 698 38 381 775 244 279 541 269 720 97
1528826935 0 0 1 3 3 0 0 1 55 369 525 525 39 452 698 37 263 775 244 279 541 269 720 97
1528826936 0 0 1 3 3 0 0 1 55 369 525 525 40 452 698 42 263 775 245 278 544 269 721 97
1528826937 0 0 1 3 3 0 0 1 54 369 525 525 39 452 698 44 263 775 245 278 537 269 720 97
1528826938 0 0 1 3 3 0 0 1 55 370 524 525 39 452 698 45 263 775 244 278 537 269 720 97
1528826939 0 0 1 3 3 0 0 1 54 369 525 525 39 452 698 39 381 381 245 279 542 270 721 97
1528826940 0 0 1 3 3 0 0 1 55 114 525 525 43 452 698 38 382 381 244 279 538 270 721 97
1528826941 0 0 1 3 3 0 0 1 55 113 525 525 39 452 698 35 381 381 245 279 540 269 720 97
1528826943 0 0 1 3 3 0 0 1 54 114 525 526 39 452 698 43 381 382 245 279 537 269 720 97
1528826944 0 0 1 3 3 0 0 1 55 370 525 525 39 452 698 40 381 381 245 279 537 270 720 97
1528826945 0 0 1 3 3 0 0 1 55 113 524 525 39 452 698 41 381 381 245 279 540 269 720 97
1528826946 0 0 1 3 3 0 0 1 54 369 525 525 39 452 698 44 381 381 245 279 544 269 721 97
1528826947 0 0 1 3 3 0 0 1 54 369 525 525 39 452 698 43 263 775 245 278 541 269 721 97
1528826948 0 0 1 3 3 0 0 1 54 369 525 526 39 452 698 42 775 775 245 279 539 269 720 97
1528826949 0 0 1 3 3 0 0 1 55 369 525 526 39 452 698 42 381 775 245 279 545 270 721 97
1528826951 0 0 1 3 3 0 0 1 54 369 525 525 39 452 698 37 381 381 245 279 543 269 721 97
1528826952 0 0 1 3 3 0 0 1 54 113 525 525 39 452 698 39 381 381 244 279 541 269 721 97
1528826953 0 0 1 3 3 0 0 1 54 369 525 525 39 452 698 36 381 381 245 279 542 270 720 97
1528826954 0 0 1 3 3 0 0 1 54 369 525 526 39 452 698 33 263 775 245 279 539 269 720 97
1528826955 0 0 1 3 3 0 0 1 54 370 525 525 39 452 698 35 263 381 245 279 537 269 720 97
1528826956 0 0 1 3 3 0 0 1 54 369 525 526 39 452 698 42 263 775 245 279 537 269 720 97
1528826957 0 0 1 3 3 0 0 1 54 370 525 525 39 452 698 44 263 893 244 279 539 269 720 97
1528826959 0 0 1 3 3 0 0 1 369 361 525 525 39 452 698 40 419 893 245 279 539 270 721 97
1528826960 0 0 1 3 3 0 0 1 310 277 525 526 39 452 698 39 736 893 245 279 540 269 720 97
1528826961 0 0 1 3 3 0 0 1 310 271 524 525 39 452 698 41 484 381 245 279 545 269 720 97
1528826962 0 0 1 3 3 0 0 1 369 308 525 525 39 453 698 40 552 893 245 279 540 269 720 97
1528826963 0 0 1 3 3 0 0 1 310 335 524 525 39 451 698 41 723 775 244 279 546 269 721 97
1528826964 0 0 1 3 3 0 0 1 369 370 525 525 40 452 698 42 697 775 244 279 540 269 720 97
1528826965 0 0 1 3 3 0 0 1 310 369 525 525 39 452 698 36 263 775 245 279 542 269 720 97
1528826967 0 0 1 3 3 0 0 1 369 369 525 525 40 452 698 38 263 893 244 279 542 269 720 97
1528826968 0 0 1 3 3 0 0 1 369 247 525 525 39 452 698 40 609 893 245 279 544 269 720 97
1528826969 0 0 1 3 3 0 0 1 54 345 525 525 39 452 698 35 711 893 245 279 537 269 720 97
1528826970 0 0 1 3 3 0 0 1 310 177 525 525 39 452 698 42 589 893 245 279 543 269 720 97
1528826971 0 0 1 3 3 0 0 1 309 126 525 525 39 452 698 39 463 381 245 279 537 269 720 97
1528826972 0 0 1 3 3 0 0 1 53 113 525 525 39 452 698 42 381 381 245 279 542 269 721 97
1528826973 0 0 1 3 3 0 0 1 53 114 524 525 39 452 698 37 381 381 245 279 543 269 720 97
1528826975 0 0 1 3 3 0 0 1 53 134 525 525 40 451 698 39 617 381 244 279 541 269 720 97
1528826976 0 0 1 3 3 0 0 1 53 109 525 526 39 452 698 41 381 381 245 279 542 269 721 97
1528826977 0 0 1 3 3 0 0 1 53 105 525 525 39 452 698 37 616 381 244 279 537 270 721 97
1528826978 0 0 1 3 3 0 0 1 53 77 525 525 39 452 698 39 381 381 245 279 544 270 721 97
1528826979 0 0 1 3 3 0 0 1 53 141 525 525 39 452 698 41 381 380 245 279 544 269 720 97
1528826980 0 0 1 3 3 0 0 1 53 113 525 525 39 452 698 37 381 381 245 279 541 269 720 97
1528826981 0 0 1 3 3 0 0 1 309 113 524 525 39 452 698 41 380 380 245 279 547 269 721 97
1528826983 0 0 1 3 3 0 0 1 53 191 524 525 40 452 698 39 494 381 245 280 536 269 720 97
1528826984 0 0 1 3 3 0 0 1 53 114 525 525 39 452 698 42 380 381 245 279 539 269 720 97
1528826985 0 0 1 3 3 0 0 1 309 65 525 525 39 452 698 33 420 381 245 279 543 269 721 97
1528826986 0 0 1 3 3 0 0 1 53 370 524 525 39 452 698 41 263 775 245 280 545 269 721 97
1528826987 0 0 1 3 3 0 0 1 53 369 525 524 39 452 698 42 263 775 245 279 542 269 720 97
1528826988 0 0 1 3 3 0 0 1 53 369 525 525 43 452 698 38 263 775 245 279 543 269 720 97
1528826989 0 0 1 3 3 0 0 1 53 369 525 526 39 452 698 46 381 381 245 279 543 269 720 97
1528826991 0 0 1 3 3 0 0 1 53 369 525 525 39 452 698 40 380 381 244 279 540 269 720 97
1528826992 0 0 1 3 3 0 0 1 53 114 525 525 39 452 698 46 528 893 245 279 543 269 720 97
1528826993 0 0 1 3 3 0 0 1 308 247 525 525 39 452 698 37 556 381 245 279 536 269 720 97
1528826994 0 0 1 3 3 0 0 1 53 179 525 525 39 452 698 37 381 380 245 280 540 269 721 97
1528826995 0 0 1 3 3 0 0 1 308 65 525 525 39 452 698 35 381 381 245 279 540 269 720 97
1528826996 0 0 1 3 3 0 0 1 52 113 525 525 40 452 698 39 381 381 245 279 540 269 720 97
1528826997 0 0 1 3 3 0 0 1 52 65 525 525 39 452 698 40 399 381 245 279 539 269 721 97
1528826999 0 0 1 3 3 0 0 1 52 113 525 525 39 452 698 44 381 381 245 279 538 270 720 97
1528827000 0 0 1 3 3 0 0 1 52 370 524 525 39 452 698 33 263 775 245 279 542 269 720 97
1528827001 0 0 1 3 3 0 0 1 52 369 525 525 39 452 698 34 381 381 245 280 545 270 720 97
1528827002 0 0 1 3 3 0 0 1 52 113 525 526 39 452 699 39 381 381 245 279 539 269 721 97
1528827003 0 0 1 3 3 0 0 1 52 369 525 526 36 452 698 41 263 775 245 279 539 269 720 97
1528827004 0 0 1 3 3 0 0 1 52 369 524 525 39 452 698 35 775 775 245 279 546 269 720 97
1528827005 0 0 1 3 3 0 0 1 52 369 525 525 39 452 698 35 771 775 245 279 544 269 721 97
1528827007 0 0 1 3 3 0 0 1 52 369 524 525 39 452 698 38 509 775 245 280 541 269 721 97
1528827008 0 0 1 3 3 0 0 1 308 206 525 525 39 452 698 40 607 893 245 279 540 269 721 97
1528827009 0 0 1 3 3 0 0 1 52 96 525 525 39 452 698 40 381 381 245 280 540 269 721 97
1528827010 0 0 1 3 3 0 0 1 52 113 525 525 39 452 698 37 381 381 245 279 544 269 720 97
1528827011 0 0 1 3 3 0 0 1 52 112 525 526 39 452 698 45 263 381 245 279 546 269 721 97
1528827012 0 0 1 3 3 0 0 1 52 369 525 525 39 452 698 42 381 775 245 279 541 269 721 97
1528827013 0 0 1 3 3 0 0 1 52 369 525 525 39 452 698 45 263 775 245 279 541 270 720 97
1528827015 0 0 1 3 3 0 0 1 52 338 525 525 39 452 698 39 775 775 245 280 543 269 720 97
1528827016 0 0 1 3 3 0 0 1 368 287 525 525 39 452 698 40 756 893 245 280 541 269 720 97
1528827017 0 0 1 3 3 0 0 1 369 369 525 526 39 452 698 48 588 893 245 279 546 269 720 97
1528827018 0 0 1 3 3 0 0 1 308 325 525 525 39 452 698 41 594 893 245 280 541 269 720 97
1528827019 0 0 1 3 3 0 0 1 308 263 524 525 39 452 698 37 669 381 245 279 543 269 721 97
1528827020 0 0 1 3 3 0 0 1 52 305 525 525 39 451 698 34 493 893 245 280 542 269 721 97
1528827021 0 0 1 3 3 0 0 1 52 64 525 525 39 451 698 42 447 381 245 279 542 269 720 97
1528827023 0 0 1 3 3 0 0 1 51 64 525 525 39 452 698 35 381 380 245 279 541 269 720 97
1528827024 0 0 1 3 3 0 0 1 52 106 525 525 39 452 698 38 381 893 245 280 541 270 720 97
1528827025 0 0 1 3 3 0 0 1 52 114 524 525 39 451 698 41 380 380 245 279 539 269 721 97
1528827026 0 0 1 3 3 0 0 1 51 369 525 525 39 452 698 44 381 381 245 279 541 269 720 97
1528827027 0 0 1 3 3 0 0 1 51 368 525 525 39 452 698 37 381 775 245 280 544 269 720 97
1528827028 0 0 1 3 3 0 0 1 51 368 525 526 39 452 698 38 263 775 245 280 540 269 720 97
1528827029 0 0 1 3 3 0 0 1 51 370 525 525 40 452 698 39 263 775 245 279 545 270 720 97
1528827031 0 0 1 3 3 0 0 1 51 369 525 525 39 451 698 39 775 775 245 280 539 270 720 97
1528827032 0 0 1 3 3 0 0 1 51 368 525 525 39 452 698 43 749 893 245 279 540 269 720 97
1528827033 0 0 1 3 3 0 0 1 307 317 525 525 39 452 698 40 634 893 245 280 546 269 720 97
1528827034 0 0 1 3 3 0 0 1 51 369 525 525 39 451 698 45 734 893 245 280 541 269 720 97
1528827035 0 0 1 3 3 0 0 1 307 229 525 526 39 452 698 43 549 893 245 280 539 269 721 97
1528827036 0 0 1 3 3 0 0 1 307 107 525 525 39 452 698 36 380 380 245 280 541 269 721 97
1528827037 0 0 1 3 3 0 0 1 51 113 525 526 39 452 698 39 380 380 245 280 540 269 720 97
1528827039 0 0 1 3 3 0 0 1 51 114 525 525 39 452 698 39 413 380 245 280 537 269 720 97
1528827040 0 0 1 3 3 0 0 1 307 108 524 525 39 452 698 38 468 893 245 279 546 269 720 97
1528827041 0 0 1 3 3 0 0 1 51 235 524 525 39 452 698 39 555 893 245 280 541 269 720 97
1528827042 0 0 1 3 3 0 0 1 51 113 525 526 39 452 698 32 381 380 244 280 542 269 720 97
1528827043 0 0 1 3 3 0 0 1 51 113 524 525 39 452 698 37 382 380 245 280 545 269 720 97
1528827044 0 0 1 3 3 0 0 1 51 369 525 525 39 452 698 39 380 381 245 280 540 269 720 97
1528827045 0 0 1 3 3 0 0 1 51 369 524 525 39 452 698 36 380 381 245 280 542 269 721 97
1528827047 0 0 1 3 3 0 0 1 51 113 525 525 39 452 698 43 381 380 245 280 544 269 720 97
1528827048 0 0 1 3 3 0 0 1 51 369 525 525 39 452 698 43 263 775 245 280 544 270 721 97
1528827049 0 0 1 3 3 0 0 1 51 369 524 525 39 452 699 37 381 381 245 279 541 270 720 97
1528827050 0 0 1 3 3 0 0 1 51 369 525 525 39 452 698 36 263 775 245 279 540 269 720 97
1528827051 0 0 1 3 3 0 0 1 50 369 525 525 39 452 698 41 775 775 245 280 539 269 720 97
1528827052 0 0 1 3 3 0 0 1 369 272 525 525 39 452 698 42 530 893 245 279 540 269 720 97
1528827053 0 0 1 3 3 0 0 1 307 82 525 526 39 452 698 42 635 893 245 279 540 270 721 97
1528827055 0 0 1 3 3 0 0 1 51 105 525 525 39 452 698 46 416 380 245 279 544 269 720 97
1528827056 0 0 1 3 3 0 0 1 51 113 525 525 39 452 698 34 381 380 244 279 544 269 720 97
1528827057 0 0 1 3 3 0 0 1 50 113 525 525 39 451 698 35 380 381 245 279 545 269 720 97
1528827058 0 0 1 3 3 0 0 1 51 369 525 525 39 451 698 38 380 381 245 279 542 269 720 97
1528827059 0 0 1 3 3 0 0 1 50 369 525 525 40 452 698 39 263 893 245 280 544 269 720 97
1528827060 0 0 1 3 3 0 0 1 369 370 524 526 39 452 698 39 661 892 244 279 539 269 721 97
1528827061 0 0 1 3 3 0 0 1 51 369 525 525 39 452 698 41 684 892 245 280 541 269 721 97
1528827063 0 0 1 3 3 0 0 1 50 173 525 525 40 452 698 46 550 893 245 280 546 270 721 97
1528827064 0 0 1 3 3 0 0 1 306 315 525 526 39 452 698 46 552 892 245 279 544 269 721 97
1528827065 0 0 1 3 3 0 0 1 306 278 525 525 39 452 698 34 450 380 245 279 542 269 721 97
1528827066 0 0 1 3 3 0 0 1 306 240 525 525 39 452 698 42 381 380 245 280 542 270 720 97
1528827067 0 0 1 3 3 0 0 1 50 161 525 526 39 452 698 39 380 380 245 280 544 269 720 97
1528827068 0 0 1 3 3 0 0 1 50 113 525 525 39 452 698 41 380 381 245 280 546 269 720 97
1528827069 0 0 1 3 3 0 0 1 50 113 525 525 39 452 698 41 428 381 245 279 539 270 721 97
1528827071 0 0 1 3 3 0 0 1 306 113 525 526 39 452 698 45 380 381 245 279 540 269 720 97
1528827072 0 0 1 3 3 0 0 1 50 369 525 525 43 452 698 43 263 775 245 279 544 269 720 97
1528827073 0 0 1 3 3 0 0 1 50 370 525 526 40 451 698 32 263 775 245 280 544 269 721 97
1528827074 0 0 1 3 3 0 0 1 50 369 524 525 39 452 698 39 775 892 245 280 545 270 720 97
1528827075 0 0 1 3 3 0 0 1 306 153 525 525 40 452 698 41 430 380 245 280 546 269 721 97
1528827076 0 0 1 3 3 0 0 1 50 129 525 526 39 451 698 42 469 893 245 280 545 269 720 97
1528827077 0 0 1 3 3 0 0 1 306 137 525 525 39 452 698 43 467 380 245 280 537 269 720 97
1528827079 0 0 1 3 3 0 0 1 50 113 525 525 39 452 698 35 380 380 245 280 540 269 720 97
1528827080 0 0 1 3 3 0 0 1 50 369 525 526 39 452 698 48 381 381 245 280 541 269 720 97
1528827081 0 0 1 3 3 0 0 1 50 369 525 525 39 452 698 38 380 380 246 279 542 269 720 97
1528827082 0 0 1 3 3 0 0 1 50 369 524 526 39 452 698 40 775 775 245 280 544 269 720 97
1528827083 0 0 1 3 3 0 0 1 50 368 525 526 39 452 698 40 620 775 245 280 546 269 721 97
1528827084 0 0 1 3 3 0 0 1 50 264 525 525 39 452 698 34 480 893 245 280 541 269 721 97
1528827085 0 0 1 3 3 0 0 1 50 261 525 525 40 451 698 33 621 893 245 280 545 269 720 97
1528827087 0 0 1 3 3 0 0 1 306 113 524 526 39 452 698 37 381 380 245 280 541 269 721 97
1528827088 0 0 1 3 3 0 0 1 50 112 525 525 39 452 698 37 381 381 245 280 542 269 721 97
1528827089 0 0 1 3 3 0 0 1 50 369 525 525 39 451 698 33 380 381 245 279 541 269 720 97
1528827090 0 0 1 3 3 0 0 1 50 113 525 525 39 452 698 39 380 381 245 280 542 270 721 97
1528827091 0 0 1 3 3 0 0 1 50 369 524 525 39 452 698 47 263 775 245 280 545 269 720 97
1528827092 0 0 1 3 3 0 0 1 50 369 525 526 39 452 698 36 263 892 245 280 544 269 720 97
1528827093 0 0 1 3 3 0 0 1 306 369 525 525 39 451 698 38 709 892 245 280 544 269 721 97
1528827095 0 0 1 3 3 0 0 1 306 369 525 525 40 452 698 36 714 893 245 280 544 269 721 97
1528827096 0 0 1 3 3 0 0 1 369 275 525 525 39 452 698 37 646 893 245 280 541 269 720 97
1528827097 0 0 1 3 3 0 0 1 306 220 525 525 39 452 698 43 537 892 245 280 546 269 720 97
1528827098 0 0 1 3 3 0 0 1 305 94 525 525 39 452 698 38 492 380 245 280 540 269 720 97
1528827099 0 0 1 3 3 0 0 1 49 144 525 525 39 451 698 34 414 380 246 279 538 270 721 97
1528827100 0 0 1 3 3 0 0 1 50 113 525 526 39 452 698 37 380 380 245 280 542 269 721 97
1528827101 0 0 1 3 3 0 0 1 49 369 525 525 39 451 698 42 380 381 245 280 543 270 721 97
1528827103 0 0 1 3 3 0 0 1 49 368 525 525 39 452 698 35 263 380 245 280 542 269 721 97
1528827104 0 0 1 3 3 0 0 1 50 369 525 525 36 451 698 36 263 380 245 280 542 269 720 97
1528827105 0 0 1 3 3 0 0 1 49 369 525 525 39 452 698 38 263 775 246 280 539 270 720 97
1528827106 0 0 1 3 3 0 0 1 49 369 525 525 39 452 698 43 263 775 245 280 544 270 720 97
1528827107 0 0 1 3 3 0 0 1 49 369 524 525 40 452 698 37 762 775 245 280 540 269 721 97
1528827108 0 0 1 3 3 0 0 1 49 369 525 525 40 452 698 37 494 892 245 280 538 270 721 97
1528827109 0 0 1 3 3 0 0 1 305 210 525 525 40 452 698 34 586 892 245 279 547 269 721 97
1528827110 0 0 1 3 3 0 0 1 369 263 525 525 39 451 698 37 656 892 245 280 541 269 720 97
1528827112 0 0 1 3 3 0 0 1 305 62 524 525 39 452 698 40 380 381 245 280 543 269 721 97
1528827113 0 0 1 3 3 0 0 1 49 112 524 525 43 452 698 32 380 380 245 280 544 269 721 97
1528827114 0 0 1 3 3 0 0 1 49 369 525 526 39 452 698 38 775 775 245 280 541 269 720 97
1528827115 0 0 1 3 3 0 0 1 49 369 525 525 39 452 698 38 736 893 245 280 540 269 720 97
1528827116 0 0 1 3 3 0 0 1 305 191 524 525 39 452 698 41 445 381 245 280 542 269 721 97
1528827117 0 0 1 3 3 0 0 1 49 92 525 525 39 452 698 38 426 381 245 279 545 269 720 97
1528827118 0 0 1 3 3 0 0 1 305 113 525 526 39 452 698 37 425 892 245 280 544 269 720 97
1528827120 0 0 1 3 3 0 0 1 49 95 525 525 39 452 698 33 380 381 245 280 546 270 721 97
1528827121 0 0 1 3 3 0 0 1 49 113 525 526 39 452 698 39 381 380 245 280 537 269 721 97
1528827122 0 0 1 3 3 0 0 1 49 113 525 525 40 452 698 47 380 381 245 280 543 270 721 97
1528827123 0 0 1 3 3 0 0 1 49 113 524 525 39 451 698 42 380 381 245 279 544 269 720 97
1528827124 0 0 1 3 3 0 0 1 49 113 525 525 39 452 698 38 263 775 245 280 541 269 721 97
1528827125 0 0 1 3 3 0 0 1 49 369 525 525 39 452 698 37 263 775 245 280 544 270 720 97
1528827126 0 0 1 3 3 0 0 1 49 369 525 525 43 452 698 44 263 775 245 280 544 269 721 97
1528827128 0 0 1 3 3 0 0 1 49 112 525 526 39 452 698 39 263 775 246 280 545 269 721 97
1528827129 0 0 1 3 3 0 0 1 49 369 525 525 39 452 698 37 263 775 245 280 540 269 720 97
1528827130 0 0 1 3 3 0 0 1 49 368 524 525 39 452 698 35 263 775 245 280 542 270 720 97
1528827131 0 0 1 3 3 0 0 1 369 308 525 525 39 452 698 43 575 893 245 280 544 270 721 97
1528827132 0 0 1 3 3 0 0 1 369 155 525 525 39 452 698 37 583 380 245 280 542 270 720 97
1528827133 0 0 1 3 3 0 0 1 305 88 525 525 39 452 698 38 401 380 245 280 546 269 721 97
1528827134 0 0 1 3 3 0 0 1 49 113 525 525 43 452 698 34 380 380 245 280 541 269 720 97
1528827136 0 0 1 3 3 0 0 1 49 113 524 525 43 452 698 33 381 380 245 280 541 270 720 97
1528827137 0 0 1 3 3 0 0 1 49 369 525 525 39 451 698 37 263 775 245 280 545 270 720 97
1528827138 0 0 1 3 3 0 0 1 49 369 525 525 39 452 698 43 740 892 245 280 541 269 721 97
1528827139 0 0 1 3 3 0 0 1 305 250 525 525 39 452 698 35 625 892 245 280 546 269 721 97
1528827140 0 0 1 3 3 0 0 1 305 298 525 526 39 452 698 33 494 892 245 280 547 269 721 97
1528827141 0 0 1 3 3 0 0 1 305 113 525 526 39 452 698 43 505 893 245 280 543 270 721 97
1528827142 0 0 1 3 3 0 0 1 49 113 525 525 39 451 698 36 380 381 246 280 545 270 721 97
1528827144 0 0 1 3 3 0 0 1 48 113 525 525 39 452 698 36 380 380 245 280 542 270 721 97
1528827145 0 0 1 3 3 0 0 1 49 369 524 525 39 452 698 39 263 775 246 280 541 270 721 97
1528827146 0 0 1 3 3 0 0 1 49 369 525 526 40 452 698 39 263 775 245 280 544 269 720 97
1528827147 0 0 1 3 3 0 0 1 305 369 525 525 39 452 698 36 659 893 246 280 541 270 721 97
1528827148 0 0 1 3 3 0 0 1 48 173 525 525 39 452 698 42 511 381 245 280 544 269 721 97
1528827149 0 0 1 3 3 0 0 1 48 215 525 525 39 452 698 50 528 380 245 280 540 270 720 97
1528827150 0 0 1 3 3 0 0 1 49 56 525 525 39 451 698 40 380 380 245 280 543 269 720 97
1528827152 0 0 1 3 3 0 0 1 49 369 525 525 39 452 698 44 380 775 246 280 546 269 721 97
1528827153 0 0 1 3 3 0 0 1 49 369 524 525 40 452 698 47 263 775 245 280 542 270 721 97
1528827154 0 0 1 3 3 0 0 1 369 320 525 525 39 452 698 44 528 892 246 280 541 270 720 97
1528827155 0 0 1 3 3 0 0 1 304 145 525 525 39 452 698 38 508 380 245 280 545 269 721 97
1528827156 0 0 1 3 3 0 0 1 48 55 524 525 39 452 698 38 380 381 245 280 540 269 721 97
1528827157 0 0 1 3 3 0 0 1 48 368 525 525 43 452 698 38 380 380 245 280 543 269 721 97
1528827158 0 0 1 3 3 0 0 1 48 368 524 525 39 452 698 34 381 775 245 280 546 270 721 97
1528827160 0 0 1 3 3 0 0 1 48 369 524 525 39 451 698 46 263 380 246 280 544 269 721 97
1528827161 0 0 1 3 3 0 0 1 48 369 524 525 39 452 698 44 263 775 245 280 541 270 720 97
1528827162 0 0 1 3 3 0 0 1 48 369 524 525 39 452 698 37 726 775 246 280 540 269 721 97
1528827163 0 0 1 3 3 0 0 1 304 316 524 525 39 452 698 44 554 892 245 280 546 269 721 97
1528827164 0 0 1 3 3 0 0 1 304 170 525 526 39 452 698 36 532 381 245 280 542 269 721 97
1528827165 0 0 1 3 3 0 0 1 48 113 524 525 40 452 698 45 380 380 245 280 545 269 721 97
1528827166 0 0 1 3 3 0 0 1 48 113 525 525 36 452 698 38 381 380 246 280 541 269 720 97
1528827168 0 0 1 3 3 0 0 1 48 369 525 526 39 451 698 41 263 775 245 280 542 269 720 97
1528827169 0 0 1 3 3 0 0 1 369 294 525 525 39 452 698 44 612 892 245 280 540 270 721 97
1528827170 0 0 1 3 3 0 0 1 48 215 525 526 39 451 698 39 638 380 246 280 545 270 721 97
1528827171 0 0 1 3 3 0 0 1 304 113 525 526 39 452 698 36 380 381 245 280 542 269 720 97
1528827172 0 0 1 3 3 0 0 1 48 113 525 526 39 451 698 47 380 380 245 280 541 270 721 97
1528827173 0 0 1 3 3 0 0 1 48 113 525 525 43 452 698 41 380 380 245 280 542 269 720 97
1528827174 0 0 1 3 3 0 0 1 48 369 524 525 39 451 698 39 263 775 245 280 546 270 721 97
1528827176 0 0 1 3 3 0 0 1 48 339 524 526 39 452 698 36 723 775 245 280 541 269 720 97
1528827177 0 0 1 3 3 0 0 1 304 234 525 526 39 452 698 34 683 892 245 280 541 269 721 97
1528827178 0 0 1 3 3 0 0 1 48 76 525 526 39 452 698 41 450 381 245 280 540 269 720 97
1528827179 0 0 1 3 3 0 0 1 304 85 524 525 39 452 698 42 423 381 246 280 542 270 721 97
1528827180 0 0 1 3 3 0 0 1 48 113 525 525 39 452 698 44 380 381 245 280 542 270 721 97
1528827181 0 0 1 3 3 0 0 1 48 113 524 525 40 452 698 32 380 380 245 280 544 269 720 97
1528827182 0 0 1 3 3 0 0 1 48 369 525 525 39 451 698 42 380 775 246 280 542 269 721 97
1528827184 0 0 1 3 3 0 0 1 48 369 525 525 39 452 698 37 263 775 245 280 546 269 720 97
1528827185 0 0 1 3 3 0 0 1 48 369 525 525 39 452 698 35 637 892 245 280 545 270 721 97
1528827186 0 0 1 3 3 0 0 1 304 259 525 525 40 452 698 44 703 893 245 280 546 269 721 97
1528827187 0 0 1 3 3 0 0 1 48 233 525 525 39 452 698 42 515 892 245 280 541 270 721 97
1528827188 0 0 1 3 3 0 0 1 304 174 525 525 39 452 698 37 461 380 245 280 540 269 721 97
1528827189 0 0 1 3 3 0 0 1 48 121 525 525 39 451 698 40 446 892 245 280 543 270 721 97
1528827190 0 0 1 3 3 0 0 1 48 78 525 525 39 452 698 37 380 381 245 280 546 269 720 97
1528827192 0 0 1 3 3 0 0 1 48 61 525 526 39 451 698 40 385 380 245 280 544 270 720 97
1528827193 0 0 1 3 3 0 0 1 48 113 525 525 39 452 698 41 380 380 245 280 540 269 720 97
1528827194 0 0 1 3 3 0 0 1 48 369 525 525 39 452 698 39 263 775 245 280 542 270 720 97
1528827195 0 0 1 3 3 0 0 1 48 369 525 525 39 452 698 34 718 892 246 280 547 269 721 97
1528827196 0 0 1 3 3 0 0 1 48 180 524 525 40 451 698 44 487 380 245 280 546 269 721 97
1528827197 0 0 1 3 3 0 0 1 48 113 525 525 39 451 698 43 381 381 246 280 540 270 721 97
1528827198 0 0 1 3 3 0 0 1 48 368 525 525 39 452 698 37 380 380 245 280 540 270 721 97
1528827200 0 0 1 3 3 0 0 1 48 369 525 525 39 452 698 44 380 380 245 280 542 269 720 97
1528827201 0 0 1 3 3 0 0 1 48 369 525 526 39 452 698 42 380 380 245 280 543 269 721 97
1528827202 0 0 1 3 3 0 0 1 48 369 525 526 40 452 698 39 263 775 246 280 541 269 720 97
1528827203 0 0 1 3 3 0 0 1 48 369 524 525 39 452 698 35 263 775 246 281 540 269 721 97
1528827204 0 0 1 3 3 0 0 1 304 291 525 525 39 451 698 37 563 892 246 280 545 269 721 97
1528827205 0 0 1 3 3 0 0 1 304 197 525 525 39 452 698 36 735 893 245 280 545 270 721 97
1528827206 0 0 1 3 3 0 0 1 47 112 525 525 39 452 698 35 381 380 246 280 545 270 721 97
1528827208 0 0 1 3 3 0 0 1 48 113 525 525 39 452 698 45 380 380 245 280 542 270 721 97
1528827209 0 0 1 3 3 0 0 1 48 112 525 525 39 452 698 42 263 775 245 280 540 269 721 97
1528827210 0 0 1 3 3 0 0 1 47 368 525 525 36 452 698 34 263 380 246 280 544 269 721 97
1528827211 0 0 1 3 3 0 0 1 48 369 525 525 39 452 698 39 263 775 245 280 543 270 721 97
1528827212 0 0 1 3 3 0 0 1 369 287 525 525 39 452 698 42 472 380 246 280 542 270 721 97
1528827213 0 0 1 3 3 0 0 1 48 60 525 525 40 452 698 40 430 380 245 280 547 270 721 97
1528827214 0 0 1 3 3 0 0 1 47 369 525 525 43 452 698 38 381 775 245 280 541 270 721 97
1528827216 0 0 1 3 3 0 0 1 48 369 525 525 40 452 698 39 263 775 245 280 543 269 721 97
1528827217 0 0 1 3 3 0 0 1 368 330 524 525 39 452 698 37 499 892 245 280 541 269 720 97
1528827218 0 0 1 3 3 0 0 1 48 113 525 525 39 451 698 34 381 381 245 280 543 270 721 97
1528827219 0 0 1 3 3 0 0 1 48 112 525 525 39 452 698 41 380 380 245 280 544 270 721 97
1528827220 0 0 1 3 3 0 0 1 48 369 525 525 39 452 698 40 263 775 246 280 545 270 721 97
1528827221 0 0 1 3 3 0 0 1 48 369 525 526 39 452 698 35 380 775 245 280 547 269 721 97
1528827222 0 0 1 3 3 0 0 1 48 369 525 525 39 452 698 41 263 775 245 281 545 270 720 97
1528827224 0 0 1 3 3 0 0 1 48 368 525 525 39 452 698 36 263 775 245 280 547 270 721 97
1528827225 0 0 1 3 3 0 0 1 48 368 525 525 39 452 698 39 775 775 246 280 545 269 721 97
1528827226 0 0 1 3 3 0 0 1 303 187 525 525 40 452 698 42 676 892 245 280 546 269 720 97
1528827227 0 0 1 3 3 0 0 1 303 170 525 526 39 452 698 40 456 380 245 280 545 269 720 97
1528827228 0 0 1 3 3 0 0 1 47 143 525 525 39 452 698 38 543 380 246 280 546 269 720 97
1528827229 0 0 1 3 3 0 0 1 303 211 525 526 39 452 698 32 511 380 246 280 541 270 721 97
1528827230 0 0 1 3 3 0 0 1 48 60 525 525 39 452 698 41 380 381 245 280 542 269 720 97
1528827232 0 0 1 3 3 0 0 1 47 113 525 526 39 452 698 34 380 380 245 280 546 270 720 97
1528827233 0 0 1 3 3 0 0 1 47 113 525 525 39 452 698 45 380 380 245 280 540 269 720 97
1528827234 0 0 1 3 3 0 0 1 47 369 525 526 39 452 698 38 380 380 245 280 547 270 720 97
1528827235 0 0 1 3 3 0 0 1 47 369 525 525 40 452 698 40 263 775 245 280 547 269 721 97
1528827236 0 0 1 3 3 0 0 1 47 369 525 525 39 452 698 36 263 775 245 280 543 270 721 97
1528827237 0 0 1 3 3 0 0 1 303 210 525 526 39 452 698 44 445 381 245 280 541 269 720 97
1528827238 0 0 1 3 3 0 0 1 47 60 525 525 39 452 698 37 458 380 245 280 544 269 720 97
1528827240 0 0 1 3 3 0 0 1 47 113 525 525 39 452 698 37 380 380 245 280 545 269 721 97
1528827241 0 0 1 3 3 0 0 1 47 369 525 526 43 452 698 42 381 775 245 280 543 270 721 97
1528827242 0 0 1 3 3 0 0 1 47 369 525 526 40 452 698 41 263 892 245 280 543 269 721 97
1528827243 0 0 1 3 3 0 0 1 47 184 525 525 39 452 698 36 565 892 245 280 542 270 721 97
1528827244 0 0 1 3 3 0 0 1 47 113 525 525 39 451 698 38 380 381 245 280 540 269 721 97
1528827245 0 0 1 3 3 0 0 1 47 113 525 525 39 451 698 41 380 380 245 280 542 269 720 97
1528827246 0 0 1 3 3 0 0 1 47 369 525 526 36 451 698 35 381 775 246 280 542 269 720 97
1528827248 0 0 1 3 3 0 0 1 47 369 525 525 39 451 698 37 263 775 245 280 546 269 721 97
1528827249 0 0 1 3 3 0 0 1 303 368 525 525 39 451 698 44 665 893 245 280 544 269 721 97
1528827250 0 0 1 3 3 0 0 1 369 254 525 526 39 452 699 35 601 892 245 280 541 270 721 97
1528827251 0 0 1 3 3 0 0 1 47 112 525 525 40 452 698 39 380 380 246 280 541 269 720 97
1528827252 0 0 1 3 3 0 0 1 47 113 525 526 39 451 698 42 380 381 246 281 542 270 721 97
1528827253 0 0 1 3 3 0 0 1 47 369 525 525 39 452 698 33 263 380 245 280 542 269 721 97
1528827254 0 0 1 3 3 0 0 1 47 369 525 525 39 452 698 38 263 775 245 280 546 269 721 97
1528827256 0 0 1 3 3 0 0 1 47 369 525 525 39 451 698 34 731 892 246 280 543 269 720 97
1528827257 0 0 1 3 3 0 0 1 303 69 525 525 39 452 698 39 407 381 246 281 547 269 721 97
1528827258 0 0 1 3 3 0 0 1 47 368 525 525 39 452 698 40 380 775 246 280 545 269 721 97
1528827259 0 0 1 3 3 0 0 1 47 369 524 526 39 452 698 42 263 775 245 280 541 269 720 97
1528827260 0 0 1 3 3 0 0 1 47 326 524 526 39 452 698 45 734 892 245 280 542 269 721 97
1528827261 0 0 1 3 3 0 0 1 303 110 525 526 39 452 698 34 556 380 245 280 541 269 721 97
1528827262 0 0 1 3 3 0 0 1 47 112 525 525 39 451 698 37 380 380 245 280 541 269 720 97
1528827264 0 0 1 3 3 0 0 1 47 112 525 526 39 451 698 40 380 380 245 280 545 269 720 97
1528827265 0 0 1 3 3 0 0 1 47 369 525 525 39 451 698 37 380 381 245 280 541 269 720 97
1528827266 0 0 1 3 3 0 0 1 47 369 525 526 43 452 698 36 380 775 246 280 542 269 721 97
1528827267 0 0 1 3 3 0 0 1 47 369 525 526 39 452 698 35 775 775 245 280 542 269 721 97
1528827268 0 0 1 3 3 0 0 1 303 369 525 525 39 452 698 45 649 775 245 280 544 269 720 97
1528827269 0 0 1 3 3 0 0 1 47 158 525 526 39 451 698 38 528 892 245 280 540 269 721 97
1528827270 0 0 1 3 3 0 0 1 303 118 525 525 39 452 698 35 469 381 246 280 545 270 721 97
1528827272 0 0 1 3 3 0 0 1 47 112 525 525 39 451 698 38 380 380 245 280 542 269 721 97
1528827273 0 0 1 3 3 0 0 1 47 369 525 525 39 452 698 37 380 380 246 281 541 269 721 97
1528827274 0 0 1 3 3 0 0 1 47 113 525 525 43 452 698 51 380 381 245 281 543 269 721 97
1528827275 0 0 1 3 3 0 0 1 47 369 525 526 39 452 698 47 735 775 245 280 543 269 720 97
1528827276 0 0 1 3 3 0 0 1 47 369 524 526 40 451 698 36 626 775 245 280 541 269 720 97
1528827277 0 0 1 3 3 0 0 1 303 218 525 525 39 452 698 38 414 380 245 280 540 269 720 97
1528827278 0 0 1 3 3 0 0 1 303 94 525 525 39 451 698 35 380 380 246 280 545 270 721 97
1528827280 0 0 1 3 3 0 0 1 47 369 525 525 40 452 698 47 380 775 245 281 545 269 720 97
1528827281 0 0 1 3 3 0 0 1 47 369 525 525 39 452 698 37 263 775 245 280 542 270 721 97
1528827282 0 0 1 3 3 0 0 1 47 369 525 526 39 452 698 35 263 775 244 280 544 269 721 97
1528827283 0 0 1 3 3 0 0 1 47 369 525 525 39 451 698 41 726 775 245 281 544 270 721 97
1528827284 0 0 1 3 3 0 0 1 303 180 524 525 39 451 698 35 555 380 245 280 543 269 721 97
1528827285 0 0 1 3 3 0 0 1 303 106 525 525 39 452 698 41 402 380 245 280 543 270 721 97
1528827286 0 0 1 3 3 0 0 1 47 113 525 525 36 452 698 40 380 775 245 281 545 269 720 97
1528827288 0 0 1 3 3 0 0 1 47 369 525 525 39 451 698 38 263 775 245 280 542 269 720 97
1528827289 0 0 1 3 3 0 0 1 47 354 525 526 39 452 698 35 506 892 245 280 547 270 720 97
1528827290 0 0 1 3 3 0 0 1 47 237 524 526 39 451 698 37 667 892 245 281 540 270 721 97
1528827291 0 0 1 3 3 0 0 1 47 113 525 525 39 452 698 40 380 380 245 280 542 270 721 97
1528827292 0 0 1 3 3 0 0 1 47 368 525 526 39 452 698 40 381 380 246 281 546 270 721 97
1528827293 0 0 1 3 3 0 0 1 47 369 525 526 39 452 698 36 263 775 245 280 544 269 721 97
1528827294 0 0 1 3 3 0 0 1 47 369 525 525 39 452 698 44 775 775 246 281 547 269 721 97
1528827296 0 0 1 3 3 0 0 1 368 336 525 526 40 452 698 39 612 892 245 281 542 269 721 97
1528827297 0 0 1 3 3 0 0 1 47 113 525 526 40 452 698 40 410 381 245 280 542 269 721 97
1528827298 0 0 1 3 3 0 0 1 47 113 524 526 39 451 698 38 555 380 246 280 543 270 721 97
1528827299 0 0 1 3 3 0 0 1 47 113 525 525 39 452 698 43 380 380 246 281 545 269 720 97
1528827300 0 0 1 3 3 0 0 1 47 369 524 525 39 451 698 38 380 775 245 281 548 269 721 97
1528827301 0 0 1 3 3 0 0 1 47 368 525 526 39 452 698 41 264 775 245 280 546 270 720 97
1528827302 0 0 1 3 3 0 0 1 47 369 525 526 39 452 698 38 263 775 245 280 546 269 721 97
1528827304 0 0 1 3 3 0 0 1 47 369 525 526 39 452 698 38 769 775 245 280 541 269 720 97
1528827305 0 0 1 3 3 0 0 1 47 369 525 525 39 452 698 39 655 892 245 280 546 270 721 97
1528827306 0 0 1 3 3 0 0 1 47 113 525 526 39 452 698 41 380 380 245 280 541 269 721 97
1528827307 0 0 1 3 3 0 0 1 46 113 525 526 40 452 698 38 380 380 245 280 542 269 721 97
1528827308 0 0 1 3 3 0 0 1 47 368 525 526 43 452 698 41 380 380 245 280 542 270 720 97
1528827309 0 0 1 3 3 0 0 1 47 369 525 526 43 451 699 42 263 775 245 281 547 270 721 97
1528827310 0 0 1 3 3 0 0 1 47 369 525 525 39 452 698 39 263 775 246 281 546 269 721 97
1528827312 0 0 1 3 3 0 0 1 303 284 525 526 40 451 698 43 547 380 246 281 544 270 721 97
1528827313 0 0 1 3 3 0 0 1 369 113 525 526 39 451 698 38 382 380 245 280 546 269 720 97
1528827314 0 0 1 3 3 0 0 1 47 113 524 526 40 452 698 34 380 380 245 280 542 269 720 97
1528827315 0 0 1 3 3 0 0 1 47 113 525 526 43 451 698 40 380 381 245 281 542 269 721 97
1528827316 0 0 1 3 3 0 0 1 46 369 525 526 40 451 698 43 263 893 246 280 545 269 721 97
1528827317 0 0 1 3 3 0 0 1 369 300 525 525 39 452 698 43 633 380 245 280 541 270 720 97
1528827318 0 0 1 3 3 0 0 1 47 113 525 526 39 452 698 39 380 380 246 280 543 269 721 97
1528827320 0 0 1 3 3 0 0 1 46 369 525 526 43 452 698 36 381 380 245 281 543 270 721 97
1528827321 0 0 1 3 3 0 0 1 47 368 525 525 40 451 698 40 263 775 245 280 541 269 721 97
1528827322 0 0 1 3 3 0 0 1 47 369 525 526 39 452 698 42 707 892 246 280 546 269 721 97
1528827323 0 0 1 3 3 0 0 1 46 212 525 525 39 451 698 36 415 380 245 280 543 269 720 97
1528827324 0 0 1 3 3 0 0 1 46 59 524 526 40 451 698 40 380 380 246 280 542 269 720 97
1528827325 0 0 1 3 3 0 0 1 46 369 525 525 39 451 698 40 380 380 245 280 541 270 721 97
1528827326 0 0 1 3 3 0 0 1 46 369 525 526 36 452 698 41 380 380 246 280 546 269 721 97
1528827328 0 0 1 3 3 0 0 1 47 369 525 525 43 452 698 38 380 380 245 280 546 270 720 97
1528827329 0 0 1 3 3 0 0 1 47 368 526 526 39 452 698 36 263 775 246 280 546 269 720 97
1528827330 0 0 1 3 3 0 0 1 46 369 525 525 39 451 698 41 668 892 246 281 541 270 721 97
1528827331 0 0 1 3 3 0 0 1 303 299 525 526 40 452 698 40 551 892 245 280 543 270 721 97
1528827332 0 0 1 3 3 0 0 1 46 191 525 525 39 451 698 34 529 380 245 280 543 270 721 97
1528827333 0 0 1 3 3 0 0 1 46 113 525 526 39 451 698 39 381 380 245 280 543 269 721 97
1528827334 0 0 1 3 3 0 0 1 47 369 525 526 39 452 698 38 263 775 245 280 547 269 721 97
1528827336 0 0 1 3 3 0 0 1 302 343 525 526 39 452 698 37 568 892 246 280 542 269 720 97
1528827337 0 0 1 3 3 0 0 1 303 64 525 525 39 451 698 35 460 380 245 281 547 269 720 97
1528827338 0 0 1 3 3 0 0 1 47 113 525 525 39 451 698 40 263 775 245 281 543 269 721 97
1528827339 0 0 1 3 3 0 0 1 47 369 524 526 39 452 698 39 771 775 246 281 540 269 720 97
1528827340 0 0 1 3 3 0 0 1 302 300 525 526 40 452 698 34 617 775 245 280 547 269 720 97
1528827341 0 0 1 3 3 0 0 1 302 206 525 525 39 452 698 47 497 380 246 281 547 270 721 97
1528827342 0 0 1 3 3 0 0 1 46 113 525 526 39 452 698 39 380 380 245 281 544 269 720 97
1528827343 0 0 1 3 3 0 0 1 46 369 525 525 39 452 698 38 263 775 246 280 543 269 720 97
1528827345 0 0 1 3 3 0 0 1 302 369 525 526 39 451 698 41 263 775 245 280 546 270 720 97
1528827346 0 0 1 3 3 0 0 1 46 369 525 526 39 452 699 37 775 775 246 280 541 269 721 97
1528827347 0 0 1 3 3 0 0 1 46 368 525 526 39 451 698 37 775 775 245 280 542 269 720 97
1528827348 0 0 1 3 3 0 0 1 369 369 525 526 39 452 698 40 769 775 245 281 543 269 720 97
1528827349 0 0 1 3 3 0 0 1 46 369 525 526 40 452 698 34 775 892 245 280 542 269 720 97
1528827350 0 0 1 3 3 0 0 1 302 369 525 525 40 451 698 40 569 892 246 280 544 269 721 97
1528827351 0 0 1 3 3 0 0 1 46 113 525 525 39 452 698 43 380 892 245 280 546 269 720 97
1528827353 0 0 1 3 3 0 0 1 46 113 525 525 39 451 698 46 380 380 245 280 544 269 721 97
1528827354 0 0 1 3 3 0 0 1 46 369 525 526 39 452 698 36 263 775 245 280 546 270 721 97
1528827355 0 0 1 3 3 0 0 1 46 369 525 526 40 452 698 40 658 775 245 280 545 270 720 97
1528827356 0 0 1 3 3 0 0 1 302 158 524 526 39 452 698 42 509 893 246 281 548 270 721 97
1528827357 0 0 1 3 3 0 0 1 46 304 525 525 39 452 698 34 586 892 245 281 542 270 721 97
1528827358 0 0 1 3 3 0 0 1 46 59 525 526 39 452 699 39 385 380 245 280 542 269 720 97
1528827359 0 0 1 3 3 0 0 1 46 113 525 526 39 451 698 42 380 380 245 280 543 269 721 97
1528827361 0 0 1 3 3 0 0 1 46 113 525 525 39 452 698 41 380 380 246 280 541 269 721 97
1528827362 0 0 1 3 3 0 0 1 46 369 525 526 39 452 698 46 380 380 245 281 542 269 721 97
1528827363 0 0 1 3 3 0 0 1 46 369 524 525 40 452 698 39 263 775 246 280 546 269 720 97
1528827364 0 0 1 3 3 0 0 1 46 369 526 525 39 451 698 34 680 892 245 281 542 269 720 97
1528827365 0 0 1 3 3 0 0 1 302 185 524 525 39 451 698 44 492 381 245 281 542 269 720 97
1528827366 0 0 1 3 3 0 0 1 46 53 525 525 36 452 698 37 380 380 246 280 542 269 721 97
1528827367 0 0 1 3 3 0 0 1 46 369 525 525 39 452 698 41 263 775 245 281 544 270 720 97
1528827369 0 0 1 3 3 0 0 1 46 369 524 526 39 452 698 37 775 775 245 280 542 270 721 97
1528827370 0 0 1 3 3 0 0 1 368 369 525 526 39 452 698 37 635 892 245 281 546 269 720 97
1528827371 0 0 1 3 3 0 0 1 302 61 525 526 39 451 698 36 380 380 245 281 540 270 720 97
1528827372 0 0 1 3 3 0 0 1 46 113 525 526 40 452 698 40 380 380 245 281 547 270 721 97
1528827373 0 0 1 3 3 0 0 1 46 369 524 525 39 452 698 42 380 380 245 281 541 269 720 97
1528827374 0 0 1 3 3 0 0 1 46 113 524 526 39 452 698 54 380 775 245 280 542 269 721 97
1528827375 0 0 1 3 3 0 0 1 46 369 525 525 39 452 698 38 263 775 245 280 545 269 721 97
1528827377 0 0 1 3 3 0 0 1 302 248 525 526 39 452 699 36 560 892 246 280 540 269 721 97
1528827378 0 0 1 3 3 0 0 1 46 113 525 525 39 452 698 40 380 381 245 281 543 270 721 97
1528827379 0 0 1 3 3 0 0 1 46 113 525 525 39 451 698 47 380 380 245 281 541 270 720 97
1528827380 0 0 1 3 3 0 0 1 46 369 524 526 40 452 698 41 263 775 246 281 541 269 720 97
1528827381 0 0 1 3 3 0 0 1 46 368 525 525 39 452 698 38 775 892 245 280 541 270 721 97
1528827382 0 0 1 3 3 0 0 1 302 126 525 525 39 452 698 38 467 380 246 281 543 269 720 97
1528827383 0 0 1 3 3 0 0 1 46 112 525 525 39 452 698 35 381 380 245 281 547 270 720 97
1528827385 0 0 1 3 3 0 0 1 46 368 525 525 43 451 698 40 380 380 246 280 543 269 720 97
1528827386 0 0 1 3 3 0 0 1 46 369 524 526 40 452 698 21 263 380 245 280 546 270 720 97
1528827387 0 0 1 3 3 0 0 1 46 369 525 525 39 452 698 37 263 775 245 280 546 270 721 97
1528827388 0 0 1 3 3 0 0 1 46 358 525 526 39 451 698 42 567 892 246 281 542 270 721 97
1528827389 0 0 1 3 3 0 0 1 46 132 524 525 39 452 698 43 555 892 245 280 541 269 721 97
1528827390 0 0 1 3 3 0 0 1 302 152 525 525 39 451 698 46 413 380 245 280 544 269 721 97
1528827391 0 0 1 3 3 0 0 1 46 369 525 525 43 452 698 38 380 381 245 281 542 269 720 97
1528827393 0 0 1 3 3 0 0 1 46 369 525 525 40 452 698 40 381 380 245 281 544 269 720 97
1528827394 0 0 1 3 3 0 0 1 46 369 524 526 39 452 698 47 380 775 245 281 545 269 720 97
1528827395 0 0 1 3 3 0 0 1 46 369 525 525 39 451 698 39 704 775 246 281 543 269 721 97
1528827396 0 0 1 3 3 0 0 1 302 320 525 525 39 451 698 39 529 892 245 280 544 270 720 97
1528827397 0 0 1 3 3 0 0 1 302 254 525 526 39 452 698 34 698 892 245 281 543 270 720 97
1528827398 0 0 1 3 3 0 0 1 46 113 525 525 39 451 698 37 380 381 245 281 548 270 721 97
1528827399 0 0 1 3 3 0 0 1 46 368 525 525 43 451 698 37 263 775 245 281 546 270 721 97
1528827401 0 0 1 3 3 0 0 1 46 369 525 525 39 452 698 40 263 775 245 280 543 270 721 97
1528827402 0 0 1 3 3 0 0 1 46 369 525 525 39 451 698 44 263 775 245 280 547 270 721 97
1528827403 0 0 1 3 3 0 0 1 369 205 524 525 39 451 698 35 521 380 245 281 547 270 721 97
1528827404 0 0 1 3 3 0 0 1 46 113 525 525 40 451 698 43 380 380 246 281 543 269 721 97
1528827405 0 0 1 3 3 0 0 1 46 112 525 525 39 451 698 35 380 380 245 280 542 270 721 97
1528827406 0 0 1 3 3 0 0 1 46 369 524 525 39 451 698 45 263 775 245 280 545 270 721 97
1528827407 0 0 1 3 3 0 0 1 46 177 524 526 39 451 698 34 672 892 245 281 542 270 720 97
1528827409 0 0 1 3 3 0 0 1 46 59 525 525 39 452 698 38 380 380 246 281 544 269 721 97
1528827410 0 0 1 3 3 0 0 1 46 112 525 526 36 451 698 34 380 380 246 281 545 270 721 97
1528827411 0 0 1 3 3 0 0 1 46 369 525 525 39 451 698 40 263 775 245 281 547 269 721 97
1528827412 0 0 1 3 3 0 0 1 46 369 525 526 39 451 698 38 775 775 246 281 542 269 720 97
1528827413 0 0 1 3 3 0 0 1 46 312 525 525 40 451 698 38 728 892 246 281 546 269 721 97
1528827414 0 0 1 3 3 0 0 1 302 113 524 525 39 451 698 35 380 380 245 281 547 269 721 97
1528827415 0 0 1 3 3 0 0 1 46 368 524 526 39 451 698 34 380 380 245 281 548 269 721 97
1528827417 0 0 1 3 3 0 0 1 46 113 524 526 39 451 698 39 380 380 245 280 543 269 720 97
1528827418 0 0 1 3 3 0 0 1 46 369 524 525 39 451 698 38 263 775 246 281 544 270 720 97
1528827419 0 0 1 3 3 0 0 1 302 249 525 525 39 452 698 47 627 892 246 280 547 270 721 97
1528827420 0 0 1 3 3 0 0 1 46 113 525 525 39 452 698 44 433 380 246 281 551 270 721 97
1528827421 0 0 1 3 3 0 0 1 46 112 525 524 39 451 698 36 380 380 246 281 546 270 721 97
1528827422 0 0 1 3 3 0 0 1 46 369 525 525 39 452 698 36 263 775 245 281 546 270 720 97
1528827423 0 0 1 3 3 0 0 1 46 368 525 526 39 451 698 35 775 775 246 281 544 270 721 97
1528827425 0 0 1 3 3 0 0 1 302 311 525 525 40 451 698 40 566 892 246 281 541 270 721 97
1528827426 0 0 1 3 3 0 0 1 46 113 525 525 40 451 698 39 380 380 245 281 544 270 721 97
1528827427 0 0 1 3 3 0 0 1 45 369 525 525 39 452 698 36 263 775 245 281 547 270 721 97
1528827428 0 0 1 3 3 0 0 1 46 290 525 526 39 451 698 33 775 892 245 281 540 269 721 97
1528827429 0 0 1 3 3 0 0 1 46 113 525 525 39 451 698 39 380 380 245 280 545 270 721 97
1528827430 0 0 1 3 3 0 0 1 46 369 525 526 39 452 698 35 263 380 246 280 543 270 721 97
1528827431 0 0 1 3 3 0 0 1 46 368 525 526 39 452 698 38 775 775 245 281 543 270 720 97
1528827433 0 0 1 3 3 0 0 1 46 369 524 525 39 451 698 36 640 892 245 281 546 270 721 97
1528827434 0 0 1 3 3 0 0 1 302 90 525 526 39 451 698 36 405 380 245 281 543 270 721 97
1528827435 0 0 1 3 3 0 0 1 46 369 525 526 39 451 698 36 380 776 245 280 542 269 721 97
1528827436 0 0 1 3 3 0 0 1 46 335 525 525 39 451 698 39 263 892 245 280 544 270 721 97
1528827437 0 0 1 3 3 0 0 1 302 194 525 526 39 452 698 37 594 892 245 281 546 269 721 97
1528827438 0 0 1 3 3 0 0 1 46 113 525 525 39 451 698 39 380 380 245 281 543 269 721 97
1528827439 0 0 1 3 3 0 0 1 46 369 525 525 43 451 698 45 380 775 245 281 545 270 721 97
1528827441 0 0 1 3 3 0 0 1 46 325 525 525 39 452 698 36 724 775 246 281 546 269 721 97
1528827442 0 0 1 3 3 0 0 1 369 224 525 525 39 452 698 45 552 380 245 281 548 270 721 97
1528827443 0 0 1 3 3 0 0 1 301 77 525 525 39 452 698 39 462 380 245 281 541 269 721 97
1528827444 0 0 1 3 3 0 0 1 46 369 524 525 43 451 698 32 380 380 245 281 543 270 721 97
1528827445 0 0 1 3 3 0 0 1 46 369 525 525 43 451 698 39 263 775 245 281 542 270 721 97
1528827446 0 0 1 3 3 0 0 1 46 369 525 526 39 451 698 37 742 892 246 281 546 270 721 97
1528827447 0 0 1 3 3 0 0 1 302 109 525 525 39 452 698 39 380 380 245 280 547 269 721 97
1528827449 0 0 1 3 3 0 0 1 46 113 525 526 39 451 698 45 380 380 246 281 548 269 720 97
1528827450 0 0 1 3 3 0 0 1 46 368 525 525 40 451 698 40 380 380 246 280 543 270 721 97
1528827451 0 0 1 3 3 0 0 1 46 369 525 526 36 451 698 33 263 775 245 281 549 270 721 97
1528827452 0 0 1 3 3 0 0 1 302 242 525 525 39 451 698 38 614 892 245 281 548 270 721 97
1528827453 0 0 1 3 3 0 0 1 46 101 525 526 39 452 698 37 578 380 246 280 549 270 720 97
1528827454 0 0 1 3 3 0 0 1 46 113 525 525 39 451 698 42 380 380 245 281 543 270 721 97
1528827455 0 0 1 3 3 0 0 1 46 369 524 525 39 451 698 41 263 775 245 281 544 269 720 97
1528827457 0 0 1 3 3 0 0 1 302 197 525 525 39 451 698 39 639 381 246 281 547 270 721 97
1528827458 0 0 1 3 3 0 0 1 46 112 525 526 39 451 698 40 449 380 245 281 548 269 721 97
1528827459 0 0 1 3 3 0 0 1 46 113 525 525 39 451 698 38 380 380 246 281 548 270 721 97
1528827460 0 0 1 3 3 0 0 1 45 369 525 525 39 451 698 40 263 775 245 281 543 270 721 97
1528827461 0 0 1 3 3 0 0 1 46 369 525 526 40 452 698 38 263 775 246 281 548 269 721 97
1528827462 0 0 1 3 3 0 0 1 369 369 525 525 40 452 698 47 263 775 245 281 549 270 721 97
1528827463 0 0 1 3 3 0 0 1 302 258 525 525 39 451 698 44 655 892 246 281 540 270 721 97
1528827465 0 0 1 3 3 0 0 1 46 84 525 526 39 451 698 39 381 380 245 280 546 270 721 97
1528827466 0 0 1 3 3 0 0 1 46 113 525 526 39 452 698 42 380 380 245 281 542 269 721 97
1528827467 0 0 1 3 3 0 0 1 46 369 525 526 39 452 698 41 380 775 245 280 542 270 721 97
1528827468 0 0 1 3 3 0 0 1 46 369 524 526 39 452 698 42 775 775 245 281 547 270 721 97
1528827469 0 0 1 3 3 0 0 1 46 366 525 525 39 451 698 42 775 775 245 281 544 269 721 97
1528827470 0 0 1 3 3 0 0 1 302 184 525 526 39 451 698 48 380 380 246 281 545 269 720 97
1528827471 0 0 1 3 3 0 0 1 301 112 525 525 39 451 698 40 380 380 246 281 544 269 721 97
1528827473 0 0 1 3 3 0 0 1 45 113 524 525 39 452 698 40 380 380 245 281 548 270 721 97
1528827474 0 0 1 3 3 0 0 1 45 369 525 526 39 451 698 32 263 775 245 280 542 270 721 97
1528827475 0 0 1 3 3 0 0 1 46 369 524 525 39 451 698 39 263 776 246 281 542 270 721 97
1528827476 0 0 1 3 3 0 0 1 46 245 525 525 40 451 698 36 756 775 245 280 543 270 721 97
1528827477 0 0 1 3 3 0 0 1 45 369 525 526 39 452 698 40 263 776 245 281 548 270 721 97
1528827478 0 0 1 3 3 0 0 1 46 369 524 525 40 452 698 38 263 775 246 281 544 270 721 97
1528827479 0 0 1 3 3 0 0 1 45 368 525 526 39 451 698 44 775 775 246 281 543 270 721 97
1528827481 0 0 1 3 3 0 0 1 45 369 525 526 39 452 698 42 760 892 246 281 547 270 721 97
1528827482 0 0 1 3 3 0 0 1 301 325 525 525 40 452 698 40 621 892 245 280 546 269 721 97
1528827483 0 0 1 3 3 0 0 1 45 113 525 525 39 451 698 38 380 380 245 281 543 270 721 97
1528827484 0 0 1 3 3 0 0 1 45 369 524 525 39 452 698 38 380 380 246 281 542 269 721 97
1528827485 0 0 1 3 3 0 0 1 46 369 525 525 39 451 698 40 380 380 245 281 549 270 720 97
1528827486 0 0 1 3 3 0 0 1 45 369 525 525 39 451 698 33 263 892 246 281 548 269 721 97
1528827487 0 0 1 3 3 0 0 1 302 226 525 526 39 452 698 42 622 892 245 281 543 270 721 97
1528827489 0 0 1 3 3 0 0 1 46 193 525 525 39 451 698 42 669 380 246 281 545 270 720 97
1528827490 0 0 1 3 3 0 0 1 45 81 525 526 39 451 698 37 380 380 245 281 543 270 720 97
1528827491 0 0 1 3 3 0 0 1 46 113 525 525 39 452 698 39 380 380 245 280 545 270 721 97
1528827492 0 0 1 3 3 0 0 1 45 368 525 525 36 452 698 39 380 775 246 281 543 270 720 97
1528827493 0 0 1 3 3 0 0 1 46 369 525 525 39 452 698 36 759 892 245 281 547 270 721 97
1528827494 0 0 1 3 3 0 0 1 46 58 525 525 39 451 698 35 381 380 246 281 540 269 721 97
1528827495 0 0 1 3 3 0 0 1 45 369 524 526 40 452 698 39 380 380 246 281 547 270 721 97
1528827497 0 0 1 3 3 0 0 1 46 369 525 526 39 451 698 39 775 775 246 281 543 270 721 97
1528827498 0 0 1 3 3 0 0 1 369 295 525 525 39 452 698 42 507 380 246 281 550 269 721 97
1528827499 0 0 1 3 3 0 0 1 46 113 525 525 39 452 698 34 380 380 245 281 545 270 721 97
1528827500 0 0 1 3 3 0 0 1 46 369 525 526 39 452 698 37 263 775 245 281 543 270 721 97
1528827501 0 0 1 3 3 0 0 1 302 285 525 525 40 451 698 42 775 892 245 280 545 270 721 97
1528827502 0 0 1 3 3 0 0 1 46 96 525 525 40 452 698 37 428 380 245 281 545 269 721 97
1528827503 0 0 1 3 3 0 0 1 45 368 525 526 39 451 698 40 380 380 246 280 545 270 721 97
1528827505 0 0 1 3 3 0 0 1 46 113 525 526 39 451 698 49 380 380 246 281 547 270 721 97
1528827506 0 0 1 3 3 0 0 1 45 369 524 525 40 452 698 46 263 775 245 281 544 270 721 97
1528827507 0 0 1 3 3 0 0 1 45 368 525 525 39 452 698 48 720 893 246 281 544 269 721 97
1528827508 0 0 1 3 3 0 0 1 301 58 525 526 39 451 698 44 473 380 245 280 547 270 721 97
1528827509 0 0 1 3 3 0 0 1 45 113 525 526 39 451 698 40 380 380 246 281 551 269 721 97
1528827510 0 0 1 3 3 0 0 1 45 369 525 525 39 451 698 38 263 775 246 280 543 270 721 97
1528827511 0 0 1 3 3 0 0 1 301 0 524 526 39 451 698 36 565 380 245 281 546 269 721 97
1528827513 0 0 1 3 3 0 0 1 45 113 525 526 36 452 698 40 381 380 246 280 547 269 721 97
1528827514 0 0 1 3 3 0 0 1 45 369 525 525 39 451 698 40 263 775 246 280 542 269 720 97
1528827515 0 0 1 3 3 0 0 1 301 261 524 526 40 451 698 41 647 892 246 281 544 269 721 97
1528827516 0 0 1 3 3 0 0 1 45 112 525 526 40 452 698 33 380 380 246 280 543 269 720 97
1528827517 0 0 1 3 3 0 0 1 45 368 525 525 39 451 698 38 380 380 246 281 544 270 720 97
1528827518 0 0 1 3 3 0 0 1 45 368 525 526 39 451 698 39 775 775 246 281 542 270 721 97
1528827519 0 0 1 3 3 0 0 1 45 368 525 525 39 451 698 46 753 892 245 281 549 269 721 97
1528827521 0 0 1 3 3 0 0 1 301 112 525 526 39 452 698 38 446 380 246 281 546 269 721 97
1528827522 0 0 1 3 3 0 0 1 45 369 525 525 39 451 698 38 380 380 245 280 542 269 721 97
1528827523 0 0 1 3 3 0 0 1 45 368 525 525 43 451 698 51 380 380 245 281 545 270 721 97
1528827524 0 0 1 3 3 0 0 1 45 369 525 526 39 451 698 41 263 775 246 281 548 270 721 97
1528827525 0 0 1 3 3 0 0 1 45 368 524 526 39 451 698 42 739 775 246 280 547 269 721 97
1528827526 0 0 1 3 3 0 0 1 301 224 524 525 39 451 698 43 655 892 245 281 544 269 721 97
1528827527 0 0 1 3 3 0 0 1 45 113 525 526 39 452 698 36 380 380 245 281 545 269 720 97
1528827529 0 0 1 3 3 0 0 1 45 369 525 525 43 452 698 40 263 775 245 280 544 269 721 97
1528827530 0 0 1 3 3 0 0 1 45 369 525 525 39 452 698 33 775 775 246 281 547 269 720 97
1528827531 0 0 1 3 3 0 0 1 45 365 525 526 39 451 698 38 674 892 246 281 543 269 721 97
1528827532 0 0 1 3 3 0 0 1 45 113 525 526 39 452 699 49 619 380 246 281 543 270 720 97
1528827533 0 0 1 3 3 0 0 1 45 112 525 525 39 452 698 41 380 775 245 281 545 269 721 97
1528827534 0 0 1 3 3 0 0 1 45 369 525 525 40 452 699 36 263 775 245 280 544 269 721 97
1528827535 0 0 1 3 3 0 0 1 301 278 525 525 39 451 698 38 731 775 246 280 547 269 720 97
1528827537 0 0 1 3 3 0 0 1 301 308 525 525 40 451 698 41 587 892 246 281 545 270 721 97
1528827538 0 0 1 3 3 0 0 1 45 61 525 526 39 452 699 43 380 380 245 281 546 270 721 97
1528827539 0 0 1 3 3 0 0 1 45 369 525 526 43 452 698 40 380 775 246 281 548 270 720 97
1528827540 0 0 1 3 3 0 0 1 45 369 525 525 39 451 698 43 263 775 246 281 549 270 721 97
1528827541 0 0 1 3 3 0 0 1 301 292 525 526 39 451 698 40 662 775 245 281 542 269 721 97
1528827542 0 0 1 3 3 0 0 1 45 58 525 526 39 452 699 36 429 380 246 281 549 269 721 97
1528827543 0 0 1 3 3 0 0 1 45 113 525 525 39 452 698 35 467 380 246 281 547 269 721 97
1528827545 0 0 1 3 3 0 0 1 45 112 525 525 39 451 698 33 380 380 245 281 547 269 721 97
1528827546 0 0 1 3 3 0 0 1 45 369 525 526 40 452 698 40 380 775 246 281 543 270 721 97
1528827547 0 0 1 3 3 0 0 1 45 369 525 526 39 451 698 45 728 775 246 281 549 270 721 97
1528827548 0 0 1 3 3 0 0 1 301 267 525 525 39 451 699 41 532 892 246 281 544 270 721 97
1528827549 0 0 1 3 3 0 0 1 45 81 525 525 39 452 698 44 545 380 245 281 545 269 721 97
1528827550 0 0 1 3 3 0 0 1 45 113 525 526 39 451 698 38 380 380 245 281 544 269 721 97
1528827551 0 0 1 3 3 0 0 1 45 369 525 526 39 452 698 38 263 775 246 281 546 269 720 97
1528827553 0 0 1 3 3 0 0 1 45 369 525 526 39 451 698 37 775 892 246 281 545 269 720 97
1528827554 0 0 1 3 3 0 0 1 301 113 525 526 40 451 699 44 380 380 246 281 546 269 720 97
1528827555 0 0 1 3 3 0 0 1 45 369 525 526 40 451 698 36 380 380 246 281 545 270 721 97
1528827556 0 0 1 3 3 0 0 1 45 368 525 525 39 452 698 32 775 775 246 281 548 270 721 97
