BandgapControl Vin VinADC
0 6 415
0 6.1 421
0 6.2 428
0 6.3 434
0 6.4 441
0 6.5 448
0 6.6 455
0 6.7 461
0 6.8 468
0 6.9 475
0 7 481
0 7.1 488
0 7.2 495
0 7.3 501
0 7.4 508
0 7.5 515
0 7.6 522
0 7.7 528
0 7.8 535
0 7.9 541
0 8 548
0 8.1 555
0 8.2 561
0 8.3 568
0 8.4 575
0 8.5 582
0 8.6 588
0 8.7 595
0 8.8 601
0 8.9 608
0 9 615
0 9.1 621
0 9.2 628
0 9.3 634
0 9.4 641
0 9.5 648
0 9.6 654
0 9.7 661
0 9.8 668
0 9.9 674
0 10 681
0 10.1 687
0 10.2 694
0 10.3 701
0 10.4 707
0 10.5 714
0 10.6 721
0 10.7 727
0 10.8 734
0 10.9 740
0 11 747
0 11.1 753
0 11.2 760
0 11.3 767
0 11.4 774
0 11.5 781
0 11.6 787
0 11.7 794
0 11.8 801
0 11.9 807
0 12 814
1 6 420
1 6.1 427
1 6.2 433
1 6.3 440
1 6.4 0
1 6.5 453
1 6.6 460
1 6.7 467
1 6.8 474
1 6.9 480
1 7 487
1 7.1 494
1 7.2 501
1 7.3 508
1 7.4 515
1 7.5 521
1 7.6 528
1 7.7 535
1 7.8 541
1 7.9 548
1 8 555
1 8.1 562
1 8.2 568
1 8.3 575
1 8.4 582
1 8.5 588
1 8.6 595
1 8.7 602
1 8.8 609
1 8.9 615
1 9 622
1 9.1 629
1 9.2 635
1 9.3 642
1 9.4 649
1 9.5 656
1 9.6 662
1 9.7 669
1 9.8 676
1 9.9 683
1 10 689
1 10.1 696
1 10.2 703
1 10.3 709
1 10.4 716
1 10.5 723
1 10.6 730
1 10.7 736
1 10.8 743
1 10.9 750
1 11 756
1 11.1 763
1 11.2 770
1 11.3 777
1 11.4 783
1 11.5 790
1 11.6 797
1 11.7 804
1 11.8 811
1 11.9 817
1 12 824
2 6 425
2 6.1 432
2 6.2 439
2 6.3 446
2 6.4 452
2 6.5 459
2 6.6 466
2 6.7 473
2 6.8 480
2 6.9 486
2 7 493
2 7.1 500
2 7.2 507
2 7.3 514
2 7.4 521
2 7.5 528
2 7.6 535
2 7.7 541
2 7.8 548
2 7.9 555
2 8 562
2 8.1 568
2 8.2 575
2 8.3 582
2 8.4 589
2 8.5 596
2 8.6 603
2 8.7 610
2 8.8 617
2 8.9 623
2 9 630
2 9.1 637
2 9.2 644
2 9.3 650
2 9.4 657
2 9.5 664
2 9.6 671
2 9.7 677
2 9.8 684
2 9.9 691
2 10 698
2 10.1 704
2 10.2 711
2 10.3 718
2 10.4 725
2 10.5 732
2 10.6 739
2 10.7 746
2 10.8 752
2 10.9 759
2 11 0
2 11.1 773
2 11.2 780
2 11.3 787
2 11.4 794
2 11.5 800
2 11.6 807
2 11.7 814
2 11.8 821
2 11.9 828
2 12 835
3 6 431
3 6.1 438
3 6.2 445
3 6.3 452
3 6.4 459
3 6.5 465
3 6.6 472
3 6.7 479
3 6.8 486
3 6.9 493
3 7 500
3 7.1 507
3 7.2 514
3 7.3 521
3 7.4 528
3 7.5 535
3 7.6 542
3 7.7 549
3 7.8 555
3 7.9 562
3 8 569
3 8.1 576
3 8.2 0
3 8.3 591
3 8.4 597
3 8.5 604
3 8.6 611
3 8.7 618
3 8.8 625
3 8.9 631
3 9 638
3 9.1 645
3 9.2 652
3 9.3 659
3 9.4 666
3 9.5 673
3 9.6 680
3 9.7 686
3 9.8 693
3 9.9 700
3 10 707
3 10.1 714
3 10.2 721
3 10.3 728
3 10.4 735
3 10.5 741
3 10.6 748
3 10.7 756
3 10.8 762
3 10.9 769
3 11 776
3 11.1 783
3 11.2 790
3 11.3 797
3 11.4 804
3 11.5 811
3 11.6 818
3 11.7 825
3 11.8 832
3 11.9 839
3 12 846
4 6 437
4 6.1 444
4 6.2 451
4 6.3 458
4 6.4 465
4 6.5 472
4 6.6 479
4 6.7 486
4 6.8 493
4 6.9 500
4 7 507
4 7.1 514
4 7.2 521
4 7.3 528
4 7.4 535
4 7.5 542
4 7.6 549
4 7.7 556
4 7.8 563
4 7.9 570
4 8 578
4 8.1 584
4 8.2 592
4 8.3 599
4 8.4 605
4 8.5 612
4 8.6 620
4 8.7 626
4 8.8 633
4 8.9 640
4 9 0
4 9.1 654
4 9.2 662
4 9.3 669
4 9.4 676
4 9.5 682
4 9.6 689
4 9.7 697
4 9.8 703
4 9.9 710
4 10 717
4 10.1 724
4 10.2 732
4 10.3 738
4 10.4 746
4 10.5 752
4 10.6 759
4 10.7 766
4 10.8 773
4 10.9 781
4 11 788
4 11.1 795
4 11.2 802
4 11.3 809
4 11.4 816
4 11.5 823
4 11.6 830
4 11.7 838
4 11.8 845
4 11.9 852
4 12 859
5 6 444
5 6.1 451
5 6.2 458
5 6.3 465
5 6.4 473
5 6.5 480
5 6.6 487
5 6.7 494
5 6.8 501
5 6.9 508
5 7 516
5 7.1 522
5 7.2 530
5 7.3 537
5 7.4 544
5 7.5 551
5 7.6 558
5 7.7 565
5 7.8 572
5 7.9 580
5 8 587
5 8.1 594
5 8.2 601
5 8.3 608
5 8.4 615
5 8.5 622
5 8.6 629
5 8.7 637
5 8.8 644
5 8.9 651
5 9 658
5 9.1 665
5 9.2 672
5 9.3 680
5 9.4 687
5 9.5 693
5 9.6 701
5 9.7 708
5 9.8 715
5 9.9 722
5 10 729
5 10.1 736
5 10.2 743
5 10.3 750
5 10.4 758
5 10.5 765
5 10.6 772
5 10.7 780
5 10.8 787
5 10.9 794
5 11 801
5 11.1 808
5 11.2 815
5 11.3 823
5 11.4 830
5 11.5 837
5 11.6 844
5 11.7 852
5 11.8 859
5 11.9 867
5 12 873
6 6 453
6 6.1 460
6 6.2 467
6 6.3 474
6 6.4 481
6 6.5 488
6 6.6 496
6 6.7 503
6 6.8 510
6 6.9 518
6 7 525
6 7.1 532
6 7.2 539
6 7.3 547
6 7.4 554
6 7.5 561
6 7.6 569
6 7.7 576
6 7.8 583
6 7.9 590
6 8 598
6 8.1 605
6 8.2 612
6 8.3 619
6 8.4 627
6 8.5 634
6 8.6 641
6 8.7 648
6 8.8 655
6 8.9 663
6 9 670
6 9.1 677
6 9.2 685
6 9.3 692
6 9.4 699
6 9.5 706
6 9.6 714
6 9.7 721
6 9.8 728
6 9.9 735
6 10 743
6 10.1 750
6 10.2 758
6 10.3 765
6 10.4 772
6 10.5 779
6 10.6 787
6 10.7 795
6 10.8 802
6 10.9 809
6 11 816
6 11.1 824
6 11.2 831
6 11.3 838
6 11.4 846
6 11.5 853
6 11.6 861
6 11.7 868
6 11.8 876
6 11.9 883
6 12 891
7 6 461
7 6.1 469
7 6.2 476
7 6.3 483
7 6.4 491
7 6.5 0
7 6.6 506
7 6.7 513
7 6.8 521
7 6.9 528
7 7 535
7 7.1 543
7 7.2 550
7 7.3 557
7 7.4 565
7 7.5 572
7 7.6 580
7 7.7 587
7 7.8 595
7 7.9 602
7 8 609
7 8.1 617
7 8.2 624
7 8.3 632
7 8.4 639
7 8.5 647
7 8.6 654
7 8.7 661
7 8.8 669
7 8.9 676
7 9 683
7 9.1 691
7 9.2 698
7 9.3 706
7 9.4 713
7 9.5 720
7 9.6 728
7 9.7 735
7 9.8 743
7 9.9 750
7 10 758
7 10.1 765
7 10.2 773
7 10.3 780
7 10.4 788
7 10.5 796
7 10.6 803
7 10.7 811
7 10.8 818
7 10.9 825
7 11 833
7 11.1 841
7 11.2 848
7 11.3 856
7 11.4 863
7 11.5 870
7 11.6 878
7 11.7 885
7 11.8 893
7 11.9 901
7 12 908
8 6 471
8 6.1 478
8 6.2 486
8 6.3 493
8 6.4 501
8 6.5 508
8 6.6 516
8 6.7 524
8 6.8 531
8 6.9 538
8 7 546
8 7.1 554
8 7.2 561
8 7.3 569
8 7.4 577
8 7.5 584
8 7.6 592
8 7.7 599
8 7.8 607
8 7.9 614
8 8 622
8 8.1 629
8 8.2 637
8 8.3 645
8 8.4 652
8 8.5 660
8 8.6 667
8 8.7 675
8 8.8 683
8 8.9 690
8 9 697
8 9.1 705
8 9.2 713
8 9.3 720
8 9.4 728
8 9.5 736
8 9.6 743
8 9.7 751
8 9.8 759
8 9.9 766
8 10 774
8 10.1 781
8 10.2 790
8 10.3 797
8 10.4 804
8 10.5 812
8 10.6 820
8 10.7 828
8 10.8 835
8 10.9 843
8 11 851
8 11.1 858
8 11.2 866
8 11.3 874
8 11.4 882
8 11.5 889
8 11.6 897
8 11.7 905
8 11.8 912
8 11.9 920
8 12 928
9 6 481
9 6.1 488
9 6.2 496
9 6.3 504
9 6.4 0
9 6.5 519
9 6.6 527
9 6.7 535
9 6.8 542
9 6.9 550
9 7 558
9 7.1 566
9 7.2 573
9 7.3 581
9 7.4 589
9 7.5 597
9 7.6 604
9 7.7 612
9 7.8 620
9 7.9 627
9 8 635
9 8.1 643
9 8.2 650
9 8.3 658
9 8.4 666
9 8.5 674
9 8.6 681
9 8.7 689
9 8.8 697
9 8.9 705
9 9 712
9 9.1 720
9 9.2 728
9 9.3 736
9 9.4 744
9 9.5 752
9 9.6 759
9 9.7 767
9 9.8 775
9 9.9 782
9 10 790
9 10.1 798
9 10.2 806
9 10.3 814
9 10.4 822
9 10.5 830
9 10.6 837
9 10.7 845
9 10.8 853
9 10.9 861
9 11 869
9 11.1 877
9 11.2 885
9 11.3 893
9 11.4 900
9 11.5 908
9 11.6 916
9 11.7 924
9 11.8 933
9 11.9 986
9 12 969
10 6 491
10 6.1 499
10 6.2 507
10 6.3 515
10 6.4 522
10 6.5 530
10 6.6 538
10 6.7 546
10 6.8 554
10 6.9 562
10 7 570
10 7.1 578
10 7.2 586
10 7.3 594
10 7.4 601
10 7.5 609
10 7.6 617
10 7.7 625
10 7.8 633
10 7.9 641
10 8 649
10 8.1 657
10 8.2 664
10 8.3 672
10 8.4 680
10 8.5 688
10 8.6 697
10 8.7 704
10 8.8 712
10 8.9 720
10 9 728
10 9.1 736
10 9.2 744
10 9.3 752
10 9.4 760
10 9.5 0
10 9.6 776
10 9.7 784
10 9.8 792
10 9.9 800
10 10 808
10 10.1 815
10 10.2 824
10 10.3 831
10 10.4 839
10 10.5 848
10 10.6 856
10 10.7 864
10 10.8 872
10 10.9 880
10 11 888
10 11.1 896
10 11.2 904
10 11.3 912
10 11.4 920
10 11.5 929
10 11.6 937
10 11.7 939
10 11.8 939
10 11.9 939
10 12 939
11 6 502
11 6.1 510
11 6.2 518
11 6.3 526
11 6.4 534
11 6.5 542
11 6.6 550
11 6.7 558
11 6.8 566
11 6.9 574
11 7 582
11 7.1 590
11 7.2 598
11 7.3 607
11 7.4 614
11 7.5 623
11 7.6 631
11 7.7 639
11 7.8 647
11 7.9 655
11 8 663
11 8.1 671
11 8.2 679
11 8.3 687
11 8.4 695
11 8.5 703
11 8.6 712
11 8.7 720
11 8.8 728
11 8.9 736
11 9 744
11 9.1 752
11 9.2 760
11 9.3 769
11 9.4 776
11 9.5 785
11 9.6 793
11 9.7 801
11 9.8 809
11 9.9 817
11 10 826
11 10.1 834
11 10.2 842
11 10.3 851
11 10.4 859
11 10.5 867
11 10.6 875
11 10.7 883
11 10.8 891
11 10.9 900
11 11 908
11 11.1 916
11 11.2 924
11 11.3 933
11 11.4 952
11 11.5 952
11 11.6 952
11 11.7 952
11 11.8 952
11 11.9 952
11 12 952
12 6 513
12 6.1 521
12 6.2 529
12 6.3 538
12 6.4 546
12 6.5 554
12 6.6 562
12 6.7 571
12 6.8 579
12 6.9 587
12 7 595
12 7.1 604
12 7.2 612
12 7.3 620
12 7.4 628
12 7.5 637
12 7.6 645
12 7.7 653
12 7.8 661
12 7.9 670
12 8 678
12 8.1 686
12 8.2 694
12 8.3 703
12 8.4 711
12 8.5 719
12 8.6 728
12 8.7 736
12 8.8 744
12 8.9 753
12 9 761
12 9.1 769
12 9.2 777
12 9.3 786
12 9.4 794
12 9.5 803
12 9.6 811
12 9.7 819
12 9.8 828
12 9.9 836
12 10 845
12 10.1 853
12 10.2 862
12 10.3 870
12 10.4 878
12 10.5 887
12 10.6 895
12 10.7 904
12 10.8 912
12 10.9 920
12 11 929
12 11.1 939
12 11.2 945
12 11.3 945
12 11.4 945
12 11.5 945
12 11.6 945
12 11.7 945
12 11.8 945
12 11.9 945
12 12 945
13 6 525
13 6.1 533
13 6.2 541
13 6.3 550
13 6.4 558
13 6.5 566
13 6.6 575
13 6.7 583
13 6.8 592
13 6.9 601
13 7 0
13 7.1 618
13 7.2 626
13 7.3 635
13 7.4 643
13 7.5 651
13 7.6 660
13 7.7 668
13 7.8 677
13 7.9 685
13 8 693
13 8.1 702
13 8.2 710
13 8.3 719
13 8.4 727
13 8.5 736
13 8.6 744
13 8.7 753
13 8.8 761
13 8.9 770
13 9 778
13 9.1 787
13 9.2 796
13 9.3 804
13 9.4 812
13 9.5 821
13 9.6 830
13 9.7 838
13 9.8 847
13 9.9 856
13 10 864
13 10.1 873
13 10.2 881
13 10.3 890
13 10.4 898
13 10.5 907
13 10.6 916
13 10.7 925
13 10.8 933
13 10.9 940
13 11 940
13 11.1 940
13 11.2 940
13 11.3 940
13 11.4 940
13 11.5 940
13 11.6 940
13 11.7 940
13 11.8 940
13 11.9 940
13 12 940
14 6 537
14 6.1 545
14 6.2 554
14 6.3 563
14 6.4 571
14 6.5 580
14 6.6 589
14 6.7 597
14 6.8 606
14 6.9 0
14 7 623
14 7.1 632
14 7.2 640
14 7.3 649
14 7.4 658
14 7.5 667
14 7.6 675
14 7.7 684
14 7.8 692
14 7.9 701
14 8 710
14 8.1 718
14 8.2 727
14 8.3 736
14 8.4 745
14 8.5 753
14 8.6 762
14 8.7 770
14 8.8 779
14 8.9 788
14 9 797
14 9.1 805
14 9.2 814
14 9.3 822
14 9.4 832
14 9.5 840
14 9.6 849
14 9.7 858
14 9.8 867
14 9.9 875
14 10 884
14 10.1 893
14 10.2 902
14 10.3 911
14 10.4 919
14 10.5 929
14 10.6 997
14 10.7 997
14 10.8 997
14 10.9 997
14 11 997
14 11.1 997
14 11.2 997
14 11.3 997
14 11.4 997
14 11.5 997
14 11.6 997
14 11.7 997
14 11.8 997
14 11.9 997
14 12 997
15 6 550
15 6.1 559
15 6.2 567
15 6.3 576
15 6.4 585
15 6.5 594
15 6.6 603
15 6.7 612
15 6.8 621
15 6.9 629
15 7 638
15 7.1 647
15 7.2 656
15 7.3 665
15 7.4 674
15 7.5 0
15 7.6 691
15 7.7 700
15 7.8 709
15 7.9 718
15 8 727
15 8.1 736
15 8.2 745
15 8.3 754
15 8.4 763
15 8.5 772
15 8.6 781
15 8.7 790
15 8.8 798
15 8.9 808
15 9 816
15 9.1 825
15 9.2 834
15 9.3 843
15 9.4 852
15 9.5 861
15 9.6 870
15 9.7 879
15 9.8 888
15 9.9 897
15 10 906
15 10.1 916
15 10.2 924
15 10.3 936
15 10.4 939
15 10.5 939
15 10.6 939
15 10.7 939
15 10.8 939
15 10.9 939
15 11 939
15 11.1 939
15 11.2 939
15 11.3 939
15 11.4 939
15 11.5 939
15 11.6 939
15 11.7 939
15 11.8 939
15 11.9 939
15 12 939
